2025-05-09 14:28:37.745 [main] INFO  com.umr - Starting Dice.com Test Execution
2025-05-09 14:28:37.756 [main] INFO  com.umr.core.config.ConfigLoader - Configuration loaded successfully from: src/main/resources/config/framework.properties
2025-05-09 14:28:37.757 [main] INFO  com.umr - Getting active test cases from TestRunner
2025-05-09 14:28:37.757 [main] ERROR com.umr - Error during test execution
java.io.FileNotFoundException: .\src\main\resources\excel\TestRunner.xlsx (The system cannot find the file specified)
	at java.io.FileInputStream.open0(Native Method) ~[?:?]
	at java.io.FileInputStream.open(FileInputStream.java:216) ~[?:?]
	at java.io.FileInputStream.<init>(FileInputStream.java:157) ~[?:?]
	at java.io.FileInputStream.<init>(FileInputStream.java:111) ~[?:?]
	at com.umr.utils.ExcelReader.readExcelFile(ExcelReader.java:119) ~[classes/:?]
	at com.umr.utils.ExcelReader.getActiveTestCases(ExcelReader.java:32) ~[classes/:?]
	at com.umr.core.DiceTestRunner.main(DiceTestRunner.java:18) [classes/:?]
2025-05-09 14:30:33.594 [main] INFO  com.umr - Starting Dice.com Test Execution
2025-05-09 14:30:33.609 [main] INFO  com.umr.core.config.ConfigLoader - Configuration loaded successfully from: src/main/resources/config/framework.properties
2025-05-09 14:30:33.609 [main] INFO  com.umr - Getting active test cases from TestRunner
2025-05-09 14:30:34.235 [main] ERROR com.umr - Sheet not found: TestCases
2025-05-09 14:30:34.239 [main] INFO  com.umr - Found 0 active test cases
2025-05-09 14:30:34.239 [main] WARN  com.umr - No active tests found in TestRunner. Execution complete.
2025-05-09 14:33:59.605 [main] INFO  com.umr - Starting Dice.com Test Execution
2025-05-09 14:33:59.622 [main] INFO  com.umr.core.config.ConfigLoader - Configuration loaded successfully from: src/main/resources/config/framework.properties
2025-05-09 14:33:59.622 [main] INFO  com.umr - Getting active test cases from TestRunner
2025-05-09 14:34:00.235 [main] INFO  com.umr - Found 3 active test cases
2025-05-09 14:34:00.235 [main] INFO  com.umr - Found 3 active test(s)
2025-05-09 14:34:00.242 [main] INFO  com.umr - Loaded 7 keywords from DiceKeywords
2025-05-09 14:34:00.243 [main] INFO  com.umr - ======================================================
2025-05-09 14:34:00.243 [main] INFO  com.umr - STARTING TEST: TC001 - Dice Login Test
2025-05-09 14:34:00.243 [main] INFO  com.umr - ======================================================
2025-05-09 14:34:00.243 [main] INFO  com.umr - Created TestContext for test: TC001 - Dice Login Test
2025-05-09 14:34:00.244 [main] INFO  com.umr - Getting test data for test: TC001
2025-05-09 14:34:00.286 [main] ERROR com.umr - Sheet not found: TestData
2025-05-09 14:34:00.286 [main] WARN  com.umr - Test data not found for test ID: TC001
2025-05-09 14:34:00.286 [main] INFO  com.umr - Getting keywords for test: TC001
2025-05-09 14:34:00.305 [main] ERROR com.umr - Sheet not found: TestFlow
2025-05-09 14:34:00.306 [main] WARN  com.umr - Test flow not found for test ID: TC001
2025-05-09 14:34:00.306 [main] ERROR com.umr - No keywords found for test ID: TC001
2025-05-09 14:34:00.306 [main] INFO  com.umr - ======================================================
2025-05-09 14:34:00.306 [main] INFO  com.umr - TEST COMPLETED: TC001 - Dice Login Test with result: FAIL
2025-05-09 14:34:00.306 [main] INFO  com.umr - ======================================================
2025-05-09 14:34:00.306 [main] INFO  com.umr - ======================================================
2025-05-09 14:34:00.307 [main] INFO  com.umr - STARTING TEST: TC002 - Dice Profile Verification
2025-05-09 14:34:00.307 [main] INFO  com.umr - ======================================================
2025-05-09 14:34:00.307 [main] INFO  com.umr - Created TestContext for test: TC002 - Dice Profile Verification
2025-05-09 14:34:00.307 [main] INFO  com.umr - Getting test data for test: TC002
2025-05-09 14:34:00.326 [main] ERROR com.umr - Sheet not found: TestData
2025-05-09 14:34:00.327 [main] WARN  com.umr - Test data not found for test ID: TC002
2025-05-09 14:34:00.327 [main] INFO  com.umr - Getting keywords for test: TC002
2025-05-09 14:34:00.344 [main] ERROR com.umr - Sheet not found: TestFlow
2025-05-09 14:34:00.344 [main] WARN  com.umr - Test flow not found for test ID: TC002
2025-05-09 14:34:00.344 [main] ERROR com.umr - No keywords found for test ID: TC002
2025-05-09 14:34:00.344 [main] INFO  com.umr - ======================================================
2025-05-09 14:34:00.345 [main] INFO  com.umr - TEST COMPLETED: TC002 - Dice Profile Verification with result: FAIL
2025-05-09 14:34:00.345 [main] INFO  com.umr - ======================================================
2025-05-09 14:34:00.345 [main] INFO  com.umr - ======================================================
2025-05-09 14:34:00.345 [main] INFO  com.umr - STARTING TEST: TC003 - Dice Search Functionality
2025-05-09 14:34:00.345 [main] INFO  com.umr - ======================================================
2025-05-09 14:34:00.345 [main] INFO  com.umr - Created TestContext for test: TC003 - Dice Search Functionality
2025-05-09 14:34:00.345 [main] INFO  com.umr - Getting test data for test: TC003
2025-05-09 14:34:00.361 [main] ERROR com.umr - Sheet not found: TestData
2025-05-09 14:34:00.361 [main] WARN  com.umr - Test data not found for test ID: TC003
2025-05-09 14:34:00.362 [main] INFO  com.umr - Getting keywords for test: TC003
2025-05-09 14:34:00.378 [main] ERROR com.umr - Sheet not found: TestFlow
2025-05-09 14:34:00.378 [main] WARN  com.umr - Test flow not found for test ID: TC003
2025-05-09 14:34:00.378 [main] ERROR com.umr - No keywords found for test ID: TC003
2025-05-09 14:34:00.378 [main] INFO  com.umr - ======================================================
2025-05-09 14:34:00.378 [main] INFO  com.umr - TEST COMPLETED: TC003 - Dice Search Functionality with result: FAIL
2025-05-09 14:34:00.378 [main] INFO  com.umr - ======================================================
2025-05-09 14:34:00.379 [main] INFO  com.umr - Test Execution Completed
2025-05-09 14:36:24.994 [main] INFO  com.umr - Starting Dice.com Test Execution
2025-05-09 14:36:25.015 [main] INFO  com.umr.core.config.ConfigLoader - Configuration loaded successfully from: src/main/resources/config/framework.properties
2025-05-09 14:36:25.015 [main] INFO  com.umr - Getting active test cases from TestRunner
2025-05-09 14:36:25.639 [main] INFO  com.umr - Found 3 active test cases
2025-05-09 14:36:25.639 [main] INFO  com.umr - Found 3 active test(s)
2025-05-09 14:36:25.649 [main] INFO  com.umr - Loaded 7 keywords from DiceKeywords
2025-05-09 14:36:25.649 [main] INFO  com.umr - ======================================================
2025-05-09 14:36:25.649 [main] INFO  com.umr - STARTING TEST: TC001 - Dice Login Test
2025-05-09 14:36:25.650 [main] INFO  com.umr - ======================================================
2025-05-09 14:36:25.650 [main] INFO  com.umr - Created TestContext for test: TC001 - Dice Login Test
2025-05-09 14:36:25.650 [main] INFO  com.umr - Getting test data for test: TC001
2025-05-09 14:36:25.705 [main] INFO  com.umr - Found test data for test ID: TC001
2025-05-09 14:36:25.705 [main] INFO  com.umr - Getting keywords for test: TC001
2025-05-09 14:36:25.731 [main] INFO  com.umr - Found 4 keywords for test ID: TC001
2025-05-09 14:36:25.731 [main] INFO  com.umr - Executing test with 4 keywords
2025-05-09 14:36:25.733 [main] INFO  com.umr - Executing keyword: OPEN_BROWSER
2025-05-09 14:36:25.733 [main] INFO  com.umr - Executing keyword: OPEN_BROWSER
2025-05-09 14:36:25.733 [main] INFO  com.umr - Executing OPEN_BROWSER keyword
2025-05-09 14:36:25.740 [main] INFO  com.umr - Initializing WebDriver for browser: chrome (headless: false)
2025-05-09 14:36:29.973 [main] INFO  com.umr - WebDriver initialized successfully
2025-05-09 14:36:29.973 [main] INFO  com.umr - Browser opened successfully
2025-05-09 14:36:29.974 [main] INFO  com.umr - Executing keyword: NAVIGATE_TO_DICE_LOGIN
2025-05-09 14:36:29.974 [main] INFO  com.umr - Executing keyword: NAVIGATE_TO_DICE_LOGIN
2025-05-09 14:36:29.974 [main] INFO  com.umr - Executing NAVIGATE_TO_DICE_LOGIN keyword
2025-05-09 14:36:30.638 [main] INFO  com.umr - Navigated to Dice login page: https://www.dice.com/dashboard/login
2025-05-09 14:36:31.305 [main] INFO  com.umr - Dice login page loaded successfully
2025-05-09 14:36:31.309 [main] INFO  com.umr - Created screenshot directory: ./screenshots
2025-05-09 14:36:31.440 [main] INFO  com.umr - Screenshot saved: ./screenshots\Dice_Login_Page_20250509_143631.png
2025-05-09 14:36:31.441 [main] INFO  com.umr - Executing keyword: LOGIN_TO_DICE
2025-05-09 14:36:31.441 [main] INFO  com.umr - Executing keyword: LOGIN_TO_DICE
2025-05-09 14:36:31.441 [main] INFO  com.umr - Executing LOGIN_TO_DICE keyword
2025-05-09 14:36:31.442 [main] INFO  com.umr - Performing login to Dice with email: your.email@example.com
2025-05-09 14:36:31.442 [main] INFO  com.umr - Entering email: your.email@example.com
2025-05-09 14:36:32.412 [main] INFO  com.umr - Clicking Continue button
2025-05-09 14:36:42.815 [main] ERROR com.umr - Failed to click Continue button
org.openqa.selenium.TimeoutException: Expected condition failed: waiting for visibility of element located by By.cssSelector: [data-testid='password-input'] input (tried for 10 second(s) with 500 milliseconds interval)
Build info: version: '4.14.1', revision: '03f8ede370'
System info: os.name: 'Windows 11', os.arch: 'amd64', os.version: '10.0', java.version: '17.0.11'
Driver info: org.openqa.selenium.chrome.ChromeDriver
Capabilities {acceptInsecureCerts: true, browserName: chrome, browserVersion: 136.0.7103.93, chrome: {chromedriverVersion: 136.0.7103.92 (cb81a4cc5087..., userDataDir: C:\Users\ABC\AppData\Local\...}, fedcm:accounts: true, goog:chromeOptions: {debuggerAddress: localhost:62187}, networkConnectionEnabled: false, pageLoadStrategy: normal, platformName: windows, proxy: Proxy(), se:cdp: ws://localhost:62187/devtoo..., se:cdpVersion: 136.0.7103.93, setWindowRect: true, strictFileInteractability: false, timeouts: {implicit: 0, pageLoad: 300000, script: 30000}, unhandledPromptBehavior: dismiss and notify, webauthn:extension:credBlob: true, webauthn:extension:largeBlob: true, webauthn:extension:minPinLength: true, webauthn:extension:prf: true, webauthn:virtualAuthenticators: true}
Session ID: f3b40e3ef4d152c3e17378a27cf6db60
	at org.openqa.selenium.support.ui.WebDriverWait.timeoutException(WebDriverWait.java:84) ~[selenium-support-4.14.1.jar:?]
	at org.openqa.selenium.support.ui.FluentWait.until(FluentWait.java:230) ~[selenium-support-4.14.1.jar:?]
	at com.umr.pages.LoginPage.clickContinue(LoginPage.java:79) [classes/:?]
	at com.umr.pages.LoginPage.loginToDice(LoginPage.java:122) [classes/:?]
	at com.umr.core.keyword.DiceKeywords.loginToDice(DiceKeywords.java:90) [classes/:?]
	at jdk.internal.reflect.NativeMethodAccessorImpl.invoke0(Native Method) ~[?:?]
	at jdk.internal.reflect.NativeMethodAccessorImpl.invoke(NativeMethodAccessorImpl.java:77) ~[?:?]
	at jdk.internal.reflect.DelegatingMethodAccessorImpl.invoke(DelegatingMethodAccessorImpl.java:43) ~[?:?]
	at java.lang.reflect.Method.invoke(Method.java:568) ~[?:?]
	at com.umr.core.KeywordExecutor.executeKeyword(KeywordExecutor.java:70) [classes/:?]
	at com.umr.core.DiceTestRunner.executeTest(DiceTestRunner.java:75) [classes/:?]
	at com.umr.core.DiceTestRunner.main(DiceTestRunner.java:32) [classes/:?]
2025-05-09 14:36:42.822 [main] ERROR com.umr - Failed to log in to Dice
2025-05-09 14:36:42.822 [main] ERROR com.umr - Test failed: Failed to log in to Dice
2025-05-09 14:36:42.928 [main] INFO  com.umr - Screenshot saved: ./screenshots\Login_Failed_20250509_143642.png
2025-05-09 14:36:42.928 [main] ERROR com.umr - Mandatory keyword failed: LOGIN_TO_DICE
2025-05-09 14:36:42.929 [main] ERROR com.umr - Test failed: Mandatory keyword failed: LOGIN_TO_DICE
2025-05-09 14:36:42.929 [main] ERROR com.umr - Test failed during keyword: LOGIN_TO_DICE
2025-05-09 14:36:43.028 [main] INFO  com.umr - Screenshot saved: ./screenshots\FAILURE_TC001_Dice Login Test_20250509_143642.png
2025-05-09 14:36:43.029 [main] INFO  com.umr - ======================================================
2025-05-09 14:36:43.029 [main] INFO  com.umr - TEST COMPLETED: TC001 - Dice Login Test with result: FAIL
2025-05-09 14:36:43.029 [main] INFO  com.umr - ======================================================
2025-05-09 14:36:43.408 [main] INFO  com.umr - WebDriver instance closed successfully
2025-05-09 14:36:43.408 [main] INFO  com.umr - ======================================================
2025-05-09 14:36:43.408 [main] INFO  com.umr - STARTING TEST: TC002 - Dice Profile Verification
2025-05-09 14:36:43.408 [main] INFO  com.umr - ======================================================
2025-05-09 14:36:43.408 [main] INFO  com.umr - Created TestContext for test: TC002 - Dice Profile Verification
2025-05-09 14:36:43.409 [main] INFO  com.umr - Getting test data for test: TC002
2025-05-09 14:36:43.438 [main] INFO  com.umr - Found test data for test ID: TC002
2025-05-09 14:36:43.438 [main] INFO  com.umr - Getting keywords for test: TC002
2025-05-09 14:36:43.489 [main] INFO  com.umr - Found 5 keywords for test ID: TC002
2025-05-09 14:36:43.489 [main] INFO  com.umr - Executing test with 5 keywords
2025-05-09 14:36:43.490 [main] INFO  com.umr - Executing keyword: OPEN_BROWSER
2025-05-09 14:36:43.491 [main] INFO  com.umr - Executing keyword: OPEN_BROWSER
2025-05-09 14:36:43.491 [main] INFO  com.umr - Executing OPEN_BROWSER keyword
2025-05-09 14:36:43.491 [main] WARN  com.umr - WebDriver already initialized. Returning existing instance.
2025-05-09 14:36:43.491 [main] INFO  com.umr - Browser opened successfully
2025-05-09 14:36:43.492 [main] INFO  com.umr - Executing keyword: NAVIGATE_TO_DICE_LOGIN
2025-05-09 14:36:43.492 [main] INFO  com.umr - Executing keyword: NAVIGATE_TO_DICE_LOGIN
2025-05-09 14:36:43.492 [main] INFO  com.umr - Executing NAVIGATE_TO_DICE_LOGIN keyword
2025-05-09 14:36:43.499 [main] ERROR com.umr - Failed to navigate to Dice login page
org.openqa.selenium.NoSuchSessionException: Session ID is null. Using WebDriver after calling quit()?
Build info: version: '4.14.1', revision: '03f8ede370'
System info: os.name: 'Windows 11', os.arch: 'amd64', os.version: '10.0', java.version: '17.0.11'
Driver info: org.openqa.selenium.chrome.ChromeDriver
Command: [null, get {url=https://www.dice.com/dashboard/login}]
Capabilities {acceptInsecureCerts: true, browserName: chrome, browserVersion: 136.0.7103.93, chrome: {chromedriverVersion: 136.0.7103.92 (cb81a4cc5087..., userDataDir: C:\Users\ABC\AppData\Local\...}, fedcm:accounts: true, goog:chromeOptions: {debuggerAddress: localhost:62187}, networkConnectionEnabled: false, pageLoadStrategy: normal, platformName: windows, proxy: Proxy(), se:cdp: ws://localhost:62187/devtoo..., se:cdpVersion: 136.0.7103.93, setWindowRect: true, strictFileInteractability: false, timeouts: {implicit: 0, pageLoad: 300000, script: 30000}, unhandledPromptBehavior: dismiss and notify, webauthn:extension:credBlob: true, webauthn:extension:largeBlob: true, webauthn:extension:minPinLength: true, webauthn:extension:prf: true, webauthn:virtualAuthenticators: true}
	at org.openqa.selenium.remote.HttpCommandExecutor.execute(HttpCommandExecutor.java:152) ~[selenium-remote-driver-4.14.1.jar:?]
	at org.openqa.selenium.remote.service.DriverCommandExecutor.invokeExecute(DriverCommandExecutor.java:200) ~[selenium-remote-driver-4.14.1.jar:?]
	at org.openqa.selenium.remote.service.DriverCommandExecutor.execute(DriverCommandExecutor.java:175) ~[selenium-remote-driver-4.14.1.jar:?]
	at org.openqa.selenium.remote.RemoteWebDriver.execute(RemoteWebDriver.java:602) ~[selenium-remote-driver-4.14.1.jar:?]
	at org.openqa.selenium.remote.RemoteWebDriver.get(RemoteWebDriver.java:304) ~[selenium-remote-driver-4.14.1.jar:?]
	at com.umr.core.keyword.DiceKeywords.navigateToDiceLogin(DiceKeywords.java:54) [classes/:?]
	at jdk.internal.reflect.NativeMethodAccessorImpl.invoke0(Native Method) ~[?:?]
	at jdk.internal.reflect.NativeMethodAccessorImpl.invoke(NativeMethodAccessorImpl.java:77) ~[?:?]
	at jdk.internal.reflect.DelegatingMethodAccessorImpl.invoke(DelegatingMethodAccessorImpl.java:43) ~[?:?]
	at java.lang.reflect.Method.invoke(Method.java:568) ~[?:?]
	at com.umr.core.KeywordExecutor.executeKeyword(KeywordExecutor.java:70) [classes/:?]
	at com.umr.core.DiceTestRunner.executeTest(DiceTestRunner.java:75) [classes/:?]
	at com.umr.core.DiceTestRunner.main(DiceTestRunner.java:32) [classes/:?]
2025-05-09 14:36:43.499 [main] ERROR com.umr - Test failed: Failed to navigate to Dice login page: Session ID is null. Using WebDriver after calling quit()?
Build info: version: '4.14.1', revision: '03f8ede370'
System info: os.name: 'Windows 11', os.arch: 'amd64', os.version: '10.0', java.version: '17.0.11'
Driver info: org.openqa.selenium.chrome.ChromeDriver
Command: [null, get {url=https://www.dice.com/dashboard/login}]
Capabilities {acceptInsecureCerts: true, browserName: chrome, browserVersion: 136.0.7103.93, chrome: {chromedriverVersion: 136.0.7103.92 (cb81a4cc5087..., userDataDir: C:\Users\ABC\AppData\Local\...}, fedcm:accounts: true, goog:chromeOptions: {debuggerAddress: localhost:62187}, networkConnectionEnabled: false, pageLoadStrategy: normal, platformName: windows, proxy: Proxy(), se:cdp: ws://localhost:62187/devtoo..., se:cdpVersion: 136.0.7103.93, setWindowRect: true, strictFileInteractability: false, timeouts: {implicit: 0, pageLoad: 300000, script: 30000}, unhandledPromptBehavior: dismiss and notify, webauthn:extension:credBlob: true, webauthn:extension:largeBlob: true, webauthn:extension:minPinLength: true, webauthn:extension:prf: true, webauthn:virtualAuthenticators: true}
2025-05-09 14:36:43.500 [main] ERROR com.umr - Mandatory keyword failed: NAVIGATE_TO_DICE_LOGIN
2025-05-09 14:36:43.500 [main] ERROR com.umr - Test failed: Mandatory keyword failed: NAVIGATE_TO_DICE_LOGIN
2025-05-09 14:36:43.500 [main] ERROR com.umr - Test failed during keyword: NAVIGATE_TO_DICE_LOGIN
2025-05-09 14:36:43.502 [main] ERROR com.umr - Failed to take screenshot: FAILURE_TC002_Dice Profile Verification
org.openqa.selenium.NoSuchSessionException: Session ID is null. Using WebDriver after calling quit()?
Build info: version: '4.14.1', revision: '03f8ede370'
System info: os.name: 'Windows 11', os.arch: 'amd64', os.version: '10.0', java.version: '17.0.11'
Driver info: org.openqa.selenium.chrome.ChromeDriver
Command: [null, screenshot {}]
Capabilities {acceptInsecureCerts: true, browserName: chrome, browserVersion: 136.0.7103.93, chrome: {chromedriverVersion: 136.0.7103.92 (cb81a4cc5087..., userDataDir: C:\Users\ABC\AppData\Local\...}, fedcm:accounts: true, goog:chromeOptions: {debuggerAddress: localhost:62187}, networkConnectionEnabled: false, pageLoadStrategy: normal, platformName: windows, proxy: Proxy(), se:cdp: ws://localhost:62187/devtoo..., se:cdpVersion: 136.0.7103.93, setWindowRect: true, strictFileInteractability: false, timeouts: {implicit: 0, pageLoad: 300000, script: 30000}, unhandledPromptBehavior: dismiss and notify, webauthn:extension:credBlob: true, webauthn:extension:largeBlob: true, webauthn:extension:minPinLength: true, webauthn:extension:prf: true, webauthn:virtualAuthenticators: true}
	at org.openqa.selenium.remote.HttpCommandExecutor.execute(HttpCommandExecutor.java:152) ~[selenium-remote-driver-4.14.1.jar:?]
	at org.openqa.selenium.remote.service.DriverCommandExecutor.invokeExecute(DriverCommandExecutor.java:200) ~[selenium-remote-driver-4.14.1.jar:?]
	at org.openqa.selenium.remote.service.DriverCommandExecutor.execute(DriverCommandExecutor.java:175) ~[selenium-remote-driver-4.14.1.jar:?]
	at org.openqa.selenium.remote.RemoteWebDriver.execute(RemoteWebDriver.java:602) ~[selenium-remote-driver-4.14.1.jar:?]
	at org.openqa.selenium.remote.RemoteWebDriver.execute(RemoteWebDriver.java:675) ~[selenium-remote-driver-4.14.1.jar:?]
	at org.openqa.selenium.remote.RemoteWebDriver.execute(RemoteWebDriver.java:679) ~[selenium-remote-driver-4.14.1.jar:?]
	at org.openqa.selenium.remote.RemoteWebDriver.getScreenshotAs(RemoteWebDriver.java:325) ~[selenium-remote-driver-4.14.1.jar:?]
	at com.umr.utils.ScreenshotUtils.takeScreenshot(ScreenshotUtils.java:92) [classes/:?]
	at com.umr.utils.ScreenshotUtils.takeFailureScreenshot(ScreenshotUtils.java:153) [classes/:?]
	at com.umr.core.DiceTestRunner.executeTest(DiceTestRunner.java:79) [classes/:?]
	at com.umr.core.DiceTestRunner.main(DiceTestRunner.java:32) [classes/:?]
2025-05-09 14:36:43.502 [main] INFO  com.umr - ======================================================
2025-05-09 14:36:43.503 [main] INFO  com.umr - TEST COMPLETED: TC002 - Dice Profile Verification with result: FAIL
2025-05-09 14:36:43.503 [main] INFO  com.umr - ======================================================
2025-05-09 14:36:43.503 [main] INFO  com.umr - WebDriver instance closed successfully
2025-05-09 14:36:43.503 [main] INFO  com.umr - ======================================================
2025-05-09 14:36:43.503 [main] INFO  com.umr - STARTING TEST: TC003 - Dice Search Functionality
2025-05-09 14:36:43.503 [main] INFO  com.umr - ======================================================
2025-05-09 14:36:43.503 [main] INFO  com.umr - Created TestContext for test: TC003 - Dice Search Functionality
2025-05-09 14:36:43.503 [main] INFO  com.umr - Getting test data for test: TC003
2025-05-09 14:36:43.536 [main] INFO  com.umr - Found test data for test ID: TC003
2025-05-09 14:36:43.537 [main] INFO  com.umr - Getting keywords for test: TC003
2025-05-09 14:36:43.574 [main] INFO  com.umr - Found 6 keywords for test ID: TC003
2025-05-09 14:36:43.575 [main] INFO  com.umr - Executing test with 6 keywords
2025-05-09 14:36:43.576 [main] INFO  com.umr - Executing keyword: OPEN_BROWSER
2025-05-09 14:36:43.576 [main] INFO  com.umr - Executing keyword: OPEN_BROWSER
2025-05-09 14:36:43.576 [main] INFO  com.umr - Executing OPEN_BROWSER keyword
2025-05-09 14:36:43.577 [main] WARN  com.umr - WebDriver already initialized. Returning existing instance.
2025-05-09 14:36:43.577 [main] INFO  com.umr - Browser opened successfully
2025-05-09 14:36:43.577 [main] INFO  com.umr - Executing keyword: NAVIGATE_TO_DICE_LOGIN
2025-05-09 14:36:43.577 [main] INFO  com.umr - Executing keyword: NAVIGATE_TO_DICE_LOGIN
2025-05-09 14:36:43.577 [main] INFO  com.umr - Executing NAVIGATE_TO_DICE_LOGIN keyword
2025-05-09 14:36:43.581 [main] ERROR com.umr - Failed to navigate to Dice login page
org.openqa.selenium.NoSuchSessionException: Session ID is null. Using WebDriver after calling quit()?
Build info: version: '4.14.1', revision: '03f8ede370'
System info: os.name: 'Windows 11', os.arch: 'amd64', os.version: '10.0', java.version: '17.0.11'
Driver info: org.openqa.selenium.chrome.ChromeDriver
Command: [null, get {url=https://www.dice.com/dashboard/login}]
Capabilities {acceptInsecureCerts: true, browserName: chrome, browserVersion: 136.0.7103.93, chrome: {chromedriverVersion: 136.0.7103.92 (cb81a4cc5087..., userDataDir: C:\Users\ABC\AppData\Local\...}, fedcm:accounts: true, goog:chromeOptions: {debuggerAddress: localhost:62187}, networkConnectionEnabled: false, pageLoadStrategy: normal, platformName: windows, proxy: Proxy(), se:cdp: ws://localhost:62187/devtoo..., se:cdpVersion: 136.0.7103.93, setWindowRect: true, strictFileInteractability: false, timeouts: {implicit: 0, pageLoad: 300000, script: 30000}, unhandledPromptBehavior: dismiss and notify, webauthn:extension:credBlob: true, webauthn:extension:largeBlob: true, webauthn:extension:minPinLength: true, webauthn:extension:prf: true, webauthn:virtualAuthenticators: true}
	at org.openqa.selenium.remote.HttpCommandExecutor.execute(HttpCommandExecutor.java:152) ~[selenium-remote-driver-4.14.1.jar:?]
	at org.openqa.selenium.remote.service.DriverCommandExecutor.invokeExecute(DriverCommandExecutor.java:200) ~[selenium-remote-driver-4.14.1.jar:?]
	at org.openqa.selenium.remote.service.DriverCommandExecutor.execute(DriverCommandExecutor.java:175) ~[selenium-remote-driver-4.14.1.jar:?]
	at org.openqa.selenium.remote.RemoteWebDriver.execute(RemoteWebDriver.java:602) ~[selenium-remote-driver-4.14.1.jar:?]
	at org.openqa.selenium.remote.RemoteWebDriver.get(RemoteWebDriver.java:304) ~[selenium-remote-driver-4.14.1.jar:?]
	at com.umr.core.keyword.DiceKeywords.navigateToDiceLogin(DiceKeywords.java:54) [classes/:?]
	at jdk.internal.reflect.NativeMethodAccessorImpl.invoke0(Native Method) ~[?:?]
	at jdk.internal.reflect.NativeMethodAccessorImpl.invoke(NativeMethodAccessorImpl.java:77) ~[?:?]
	at jdk.internal.reflect.DelegatingMethodAccessorImpl.invoke(DelegatingMethodAccessorImpl.java:43) ~[?:?]
	at java.lang.reflect.Method.invoke(Method.java:568) ~[?:?]
	at com.umr.core.KeywordExecutor.executeKeyword(KeywordExecutor.java:70) [classes/:?]
	at com.umr.core.DiceTestRunner.executeTest(DiceTestRunner.java:75) [classes/:?]
	at com.umr.core.DiceTestRunner.main(DiceTestRunner.java:32) [classes/:?]
2025-05-09 14:36:43.584 [main] ERROR com.umr - Test failed: Failed to navigate to Dice login page: Session ID is null. Using WebDriver after calling quit()?
Build info: version: '4.14.1', revision: '03f8ede370'
System info: os.name: 'Windows 11', os.arch: 'amd64', os.version: '10.0', java.version: '17.0.11'
Driver info: org.openqa.selenium.chrome.ChromeDriver
Command: [null, get {url=https://www.dice.com/dashboard/login}]
Capabilities {acceptInsecureCerts: true, browserName: chrome, browserVersion: 136.0.7103.93, chrome: {chromedriverVersion: 136.0.7103.92 (cb81a4cc5087..., userDataDir: C:\Users\ABC\AppData\Local\...}, fedcm:accounts: true, goog:chromeOptions: {debuggerAddress: localhost:62187}, networkConnectionEnabled: false, pageLoadStrategy: normal, platformName: windows, proxy: Proxy(), se:cdp: ws://localhost:62187/devtoo..., se:cdpVersion: 136.0.7103.93, setWindowRect: true, strictFileInteractability: false, timeouts: {implicit: 0, pageLoad: 300000, script: 30000}, unhandledPromptBehavior: dismiss and notify, webauthn:extension:credBlob: true, webauthn:extension:largeBlob: true, webauthn:extension:minPinLength: true, webauthn:extension:prf: true, webauthn:virtualAuthenticators: true}
2025-05-09 14:36:43.584 [main] ERROR com.umr - Mandatory keyword failed: NAVIGATE_TO_DICE_LOGIN
2025-05-09 14:36:43.584 [main] ERROR com.umr - Test failed: Mandatory keyword failed: NAVIGATE_TO_DICE_LOGIN
2025-05-09 14:36:43.585 [main] ERROR com.umr - Test failed during keyword: NAVIGATE_TO_DICE_LOGIN
2025-05-09 14:36:43.586 [main] ERROR com.umr - Failed to take screenshot: FAILURE_TC003_Dice Search Functionality
org.openqa.selenium.NoSuchSessionException: Session ID is null. Using WebDriver after calling quit()?
Build info: version: '4.14.1', revision: '03f8ede370'
System info: os.name: 'Windows 11', os.arch: 'amd64', os.version: '10.0', java.version: '17.0.11'
Driver info: org.openqa.selenium.chrome.ChromeDriver
Command: [null, screenshot {}]
Capabilities {acceptInsecureCerts: true, browserName: chrome, browserVersion: 136.0.7103.93, chrome: {chromedriverVersion: 136.0.7103.92 (cb81a4cc5087..., userDataDir: C:\Users\ABC\AppData\Local\...}, fedcm:accounts: true, goog:chromeOptions: {debuggerAddress: localhost:62187}, networkConnectionEnabled: false, pageLoadStrategy: normal, platformName: windows, proxy: Proxy(), se:cdp: ws://localhost:62187/devtoo..., se:cdpVersion: 136.0.7103.93, setWindowRect: true, strictFileInteractability: false, timeouts: {implicit: 0, pageLoad: 300000, script: 30000}, unhandledPromptBehavior: dismiss and notify, webauthn:extension:credBlob: true, webauthn:extension:largeBlob: true, webauthn:extension:minPinLength: true, webauthn:extension:prf: true, webauthn:virtualAuthenticators: true}
	at org.openqa.selenium.remote.HttpCommandExecutor.execute(HttpCommandExecutor.java:152) ~[selenium-remote-driver-4.14.1.jar:?]
	at org.openqa.selenium.remote.service.DriverCommandExecutor.invokeExecute(DriverCommandExecutor.java:200) ~[selenium-remote-driver-4.14.1.jar:?]
	at org.openqa.selenium.remote.service.DriverCommandExecutor.execute(DriverCommandExecutor.java:175) ~[selenium-remote-driver-4.14.1.jar:?]
	at org.openqa.selenium.remote.RemoteWebDriver.execute(RemoteWebDriver.java:602) ~[selenium-remote-driver-4.14.1.jar:?]
	at org.openqa.selenium.remote.RemoteWebDriver.execute(RemoteWebDriver.java:675) ~[selenium-remote-driver-4.14.1.jar:?]
	at org.openqa.selenium.remote.RemoteWebDriver.execute(RemoteWebDriver.java:679) ~[selenium-remote-driver-4.14.1.jar:?]
	at org.openqa.selenium.remote.RemoteWebDriver.getScreenshotAs(RemoteWebDriver.java:325) ~[selenium-remote-driver-4.14.1.jar:?]
	at com.umr.utils.ScreenshotUtils.takeScreenshot(ScreenshotUtils.java:92) [classes/:?]
	at com.umr.utils.ScreenshotUtils.takeFailureScreenshot(ScreenshotUtils.java:153) [classes/:?]
	at com.umr.core.DiceTestRunner.executeTest(DiceTestRunner.java:79) [classes/:?]
	at com.umr.core.DiceTestRunner.main(DiceTestRunner.java:32) [classes/:?]
2025-05-09 14:36:43.587 [main] INFO  com.umr - ======================================================
2025-05-09 14:36:43.587 [main] INFO  com.umr - TEST COMPLETED: TC003 - Dice Search Functionality with result: FAIL
2025-05-09 14:36:43.588 [main] INFO  com.umr - ======================================================
2025-05-09 14:36:43.588 [main] INFO  com.umr - WebDriver instance closed successfully
2025-05-09 14:36:43.588 [main] INFO  com.umr - Test Execution Completed
2025-05-09 14:53:37.285 [main] INFO  com.umr - Starting Dice.com Test Execution
2025-05-09 14:53:37.298 [main] INFO  com.umr.core.config.ConfigLoader - Configuration loaded successfully from: src/main/resources/config/framework.properties
2025-05-09 14:53:37.298 [main] INFO  com.umr - Getting active test cases from TestRunner
2025-05-09 14:53:37.901 [main] INFO  com.umr - Found 3 active test cases
2025-05-09 14:53:37.902 [main] INFO  com.umr - Found 3 active test(s)
2025-05-09 14:53:37.908 [main] INFO  com.umr - Loaded 7 keywords from DiceKeywords
2025-05-09 14:53:37.908 [main] INFO  com.umr - ======================================================
2025-05-09 14:53:37.909 [main] INFO  com.umr - STARTING TEST: TC001 - Dice Login Test
2025-05-09 14:53:37.909 [main] INFO  com.umr - ======================================================
2025-05-09 14:53:37.909 [main] INFO  com.umr - Created TestContext for test: TC001 - Dice Login Test
2025-05-09 14:53:37.909 [main] INFO  com.umr - Getting test data for test: TC001
2025-05-09 14:53:37.954 [main] INFO  com.umr - Found test data for test ID: TC001
2025-05-09 14:53:37.955 [main] INFO  com.umr - Getting keywords for test: TC001
2025-05-09 14:53:37.979 [main] INFO  com.umr - Found 4 keywords for test ID: TC001
2025-05-09 14:53:37.980 [main] INFO  com.umr - Executing test with 4 keywords
2025-05-09 14:53:37.980 [main] INFO  com.umr - Executing keyword: OPEN_BROWSER
2025-05-09 14:53:37.980 [main] INFO  com.umr - Executing keyword: OPEN_BROWSER
2025-05-09 14:53:37.980 [main] INFO  com.umr - Executing OPEN_BROWSER keyword
2025-05-09 14:53:37.985 [main] INFO  com.umr - Initializing WebDriver for browser: chrome (headless: false)
2025-05-09 14:53:40.050 [main] INFO  com.umr - WebDriver initialized successfully
2025-05-09 14:53:40.050 [main] INFO  com.umr - Browser opened successfully
2025-05-09 14:53:40.050 [main] INFO  com.umr - Executing keyword: NAVIGATE_TO_DICE_LOGIN
2025-05-09 14:53:40.050 [main] INFO  com.umr - Executing keyword: NAVIGATE_TO_DICE_LOGIN
2025-05-09 14:53:40.051 [main] INFO  com.umr - Executing NAVIGATE_TO_DICE_LOGIN keyword
2025-05-09 14:53:40.701 [main] INFO  com.umr - Navigated to Dice login page: https://www.dice.com/dashboard/login
2025-05-09 14:54:00.894 [main] ERROR com.umr - Dice login page failed to load
2025-05-09 14:54:00.895 [main] ERROR com.umr - Test failed: Dice login page failed to load
2025-05-09 14:54:00.895 [main] ERROR com.umr - Mandatory keyword failed: NAVIGATE_TO_DICE_LOGIN
2025-05-09 14:54:00.895 [main] ERROR com.umr - Test failed: Mandatory keyword failed: NAVIGATE_TO_DICE_LOGIN
2025-05-09 14:54:00.895 [main] ERROR com.umr - Test failed during keyword: NAVIGATE_TO_DICE_LOGIN
2025-05-09 14:54:01.005 [main] INFO  com.umr - Screenshot saved: ./screenshots\FAILURE_TC001_Dice Login Test_20250509_145400.png
2025-05-09 14:54:01.006 [main] INFO  com.umr - ======================================================
2025-05-09 14:54:01.006 [main] INFO  com.umr - TEST COMPLETED: TC001 - Dice Login Test with result: FAIL
2025-05-09 14:54:01.006 [main] INFO  com.umr - ======================================================
2025-05-09 14:54:01.279 [main] INFO  com.umr - WebDriver instance closed successfully
2025-05-09 14:54:01.279 [main] INFO  com.umr - Quitting WebDriver instance
2025-05-09 14:54:01.279 [main] INFO  com.umr - WebDriver instance has been quit
2025-05-09 14:54:01.279 [main] INFO  com.umr - WebDriver ThreadLocal storage has been reset
2025-05-09 14:54:01.279 [main] INFO  com.umr - ======================================================
2025-05-09 14:54:01.279 [main] INFO  com.umr - STARTING TEST: TC002 - Dice Profile Verification
2025-05-09 14:54:01.279 [main] INFO  com.umr - ======================================================
2025-05-09 14:54:01.279 [main] INFO  com.umr - Created TestContext for test: TC002 - Dice Profile Verification
2025-05-09 14:54:01.279 [main] INFO  com.umr - Getting test data for test: TC002
2025-05-09 14:54:01.304 [main] INFO  com.umr - Found test data for test ID: TC002
2025-05-09 14:54:01.304 [main] INFO  com.umr - Getting keywords for test: TC002
2025-05-09 14:54:01.337 [main] INFO  com.umr - Found 5 keywords for test ID: TC002
2025-05-09 14:54:01.337 [main] INFO  com.umr - Executing test with 5 keywords
2025-05-09 14:54:01.337 [main] INFO  com.umr - Executing keyword: OPEN_BROWSER
2025-05-09 14:54:01.338 [main] INFO  com.umr - Executing keyword: OPEN_BROWSER
2025-05-09 14:54:01.338 [main] INFO  com.umr - Executing OPEN_BROWSER keyword
2025-05-09 14:54:01.338 [main] INFO  com.umr - Initializing WebDriver for browser: chrome (headless: false)
2025-05-09 14:54:02.510 [main] INFO  com.umr - WebDriver initialized successfully
2025-05-09 14:54:02.511 [main] INFO  com.umr - Browser opened successfully
2025-05-09 14:54:02.511 [main] INFO  com.umr - Executing keyword: NAVIGATE_TO_DICE_LOGIN
2025-05-09 14:54:02.512 [main] INFO  com.umr - Executing keyword: NAVIGATE_TO_DICE_LOGIN
2025-05-09 14:54:02.513 [main] INFO  com.umr - Executing NAVIGATE_TO_DICE_LOGIN keyword
2025-05-09 14:54:03.050 [main] INFO  com.umr - Navigated to Dice login page: https://www.dice.com/dashboard/login
2025-05-09 14:54:23.142 [main] ERROR com.umr - Dice login page failed to load
2025-05-09 14:54:23.142 [main] ERROR com.umr - Test failed: Dice login page failed to load
2025-05-09 14:54:23.143 [main] ERROR com.umr - Mandatory keyword failed: NAVIGATE_TO_DICE_LOGIN
2025-05-09 14:54:23.143 [main] ERROR com.umr - Test failed: Mandatory keyword failed: NAVIGATE_TO_DICE_LOGIN
2025-05-09 14:54:23.143 [main] ERROR com.umr - Test failed during keyword: NAVIGATE_TO_DICE_LOGIN
2025-05-09 14:54:23.306 [main] INFO  com.umr - Screenshot saved: ./screenshots\FAILURE_TC002_Dice Profile Verification_20250509_145423.png
2025-05-09 14:54:23.307 [main] INFO  com.umr - ======================================================
2025-05-09 14:54:23.307 [main] INFO  com.umr - TEST COMPLETED: TC002 - Dice Profile Verification with result: FAIL
2025-05-09 14:54:23.307 [main] INFO  com.umr - ======================================================
2025-05-09 14:54:23.557 [main] INFO  com.umr - WebDriver instance closed successfully
2025-05-09 14:54:23.558 [main] INFO  com.umr - Quitting WebDriver instance
2025-05-09 14:54:23.558 [main] INFO  com.umr - WebDriver instance has been quit
2025-05-09 14:54:23.558 [main] INFO  com.umr - WebDriver ThreadLocal storage has been reset
2025-05-09 14:54:23.558 [main] INFO  com.umr - ======================================================
2025-05-09 14:54:23.558 [main] INFO  com.umr - STARTING TEST: TC003 - Dice Search Functionality
2025-05-09 14:54:23.558 [main] INFO  com.umr - ======================================================
2025-05-09 14:54:23.558 [main] INFO  com.umr - Created TestContext for test: TC003 - Dice Search Functionality
2025-05-09 14:54:23.558 [main] INFO  com.umr - Getting test data for test: TC003
2025-05-09 14:54:23.584 [main] INFO  com.umr - Found test data for test ID: TC003
2025-05-09 14:54:23.584 [main] INFO  com.umr - Getting keywords for test: TC003
2025-05-09 14:54:23.609 [main] INFO  com.umr - Found 6 keywords for test ID: TC003
2025-05-09 14:54:23.609 [main] INFO  com.umr - Executing test with 6 keywords
2025-05-09 14:54:23.609 [main] INFO  com.umr - Executing keyword: OPEN_BROWSER
2025-05-09 14:54:23.609 [main] INFO  com.umr - Executing keyword: OPEN_BROWSER
2025-05-09 14:54:23.609 [main] INFO  com.umr - Executing OPEN_BROWSER keyword
2025-05-09 14:54:23.610 [main] INFO  com.umr - Initializing WebDriver for browser: chrome (headless: false)
2025-05-09 14:54:24.718 [main] INFO  com.umr - WebDriver initialized successfully
2025-05-09 14:54:24.718 [main] INFO  com.umr - Browser opened successfully
2025-05-09 14:54:24.718 [main] INFO  com.umr - Executing keyword: NAVIGATE_TO_DICE_LOGIN
2025-05-09 14:54:24.718 [main] INFO  com.umr - Executing keyword: NAVIGATE_TO_DICE_LOGIN
2025-05-09 14:54:24.718 [main] INFO  com.umr - Executing NAVIGATE_TO_DICE_LOGIN keyword
2025-05-09 14:54:25.306 [main] INFO  com.umr - Navigated to Dice login page: https://www.dice.com/dashboard/login
2025-05-09 14:54:45.465 [main] ERROR com.umr - Dice login page failed to load
2025-05-09 14:54:45.465 [main] ERROR com.umr - Test failed: Dice login page failed to load
2025-05-09 14:54:45.465 [main] ERROR com.umr - Mandatory keyword failed: NAVIGATE_TO_DICE_LOGIN
2025-05-09 14:54:45.465 [main] ERROR com.umr - Test failed: Mandatory keyword failed: NAVIGATE_TO_DICE_LOGIN
2025-05-09 14:54:45.465 [main] ERROR com.umr - Test failed during keyword: NAVIGATE_TO_DICE_LOGIN
2025-05-09 14:54:45.590 [main] INFO  com.umr - Screenshot saved: ./screenshots\FAILURE_TC003_Dice Search Functionality_20250509_145445.png
2025-05-09 14:54:45.590 [main] INFO  com.umr - ======================================================
2025-05-09 14:54:45.590 [main] INFO  com.umr - TEST COMPLETED: TC003 - Dice Search Functionality with result: FAIL
2025-05-09 14:54:45.590 [main] INFO  com.umr - ======================================================
2025-05-09 14:54:45.800 [main] INFO  com.umr - WebDriver instance closed successfully
2025-05-09 14:54:45.802 [main] INFO  com.umr - Quitting WebDriver instance
2025-05-09 14:54:45.802 [main] INFO  com.umr - WebDriver instance has been quit
2025-05-09 14:54:45.802 [main] INFO  com.umr - WebDriver ThreadLocal storage has been reset
2025-05-09 14:54:45.802 [main] INFO  com.umr - Test Execution Completed
2025-05-09 15:05:59.557 [main] INFO  com.umr - Starting Dice.com Test Execution
2025-05-09 15:05:59.573 [main] INFO  com.umr.core.config.ConfigLoader - Configuration loaded successfully from: src/main/resources/config/framework.properties
2025-05-09 15:05:59.574 [main] INFO  com.umr - Getting active test cases from TestRunner
2025-05-09 15:06:00.199 [main] INFO  com.umr - Found 3 active test cases
2025-05-09 15:06:00.199 [main] INFO  com.umr - Found 3 active test(s)
2025-05-09 15:06:00.208 [main] INFO  com.umr - Loaded 7 keywords from DiceKeywords
2025-05-09 15:06:00.209 [main] INFO  com.umr - ======================================================
2025-05-09 15:06:00.209 [main] INFO  com.umr - STARTING TEST: TC001 - Dice Login Test
2025-05-09 15:06:00.209 [main] INFO  com.umr - ======================================================
2025-05-09 15:06:00.209 [main] INFO  com.umr - Created TestContext for test: TC001 - Dice Login Test
2025-05-09 15:06:00.209 [main] INFO  com.umr - Getting test data for test: TC001
2025-05-09 15:06:00.250 [main] INFO  com.umr - Found test data for test ID: TC001
2025-05-09 15:06:00.250 [main] INFO  com.umr - Getting keywords for test: TC001
2025-05-09 15:06:00.279 [main] INFO  com.umr - Found 4 keywords for test ID: TC001
2025-05-09 15:06:00.280 [main] INFO  com.umr - Executing test with 4 keywords
2025-05-09 15:06:00.280 [main] INFO  com.umr - Executing keyword: OPEN_BROWSER
2025-05-09 15:06:00.280 [main] INFO  com.umr - Executing keyword: OPEN_BROWSER
2025-05-09 15:06:00.280 [main] INFO  com.umr - Executing OPEN_BROWSER keyword
2025-05-09 15:06:00.288 [main] INFO  com.umr - Initializing WebDriver for browser: chrome (headless: false)
2025-05-09 15:06:02.352 [main] INFO  com.umr - WebDriver initialized successfully
2025-05-09 15:06:02.354 [main] INFO  com.umr - Browser opened successfully
2025-05-09 15:06:02.355 [main] INFO  com.umr - Executing keyword: NAVIGATE_TO_DICE_LOGIN
2025-05-09 15:06:02.356 [main] INFO  com.umr - Executing keyword: NAVIGATE_TO_DICE_LOGIN
2025-05-09 15:06:02.356 [main] INFO  com.umr - Executing NAVIGATE_TO_DICE_LOGIN keyword
2025-05-09 15:06:02.991 [main] INFO  com.umr - Navigated to Dice login page: https://www.dice.com/dashboard/login
2025-05-09 15:06:23.125 [main] ERROR com.umr - Dice login page failed to load
2025-05-09 15:06:23.125 [main] ERROR com.umr - Test failed: Dice login page failed to load
2025-05-09 15:06:23.125 [main] ERROR com.umr - Mandatory keyword failed: NAVIGATE_TO_DICE_LOGIN
2025-05-09 15:06:23.125 [main] ERROR com.umr - Test failed: Mandatory keyword failed: NAVIGATE_TO_DICE_LOGIN
2025-05-09 15:06:23.126 [main] ERROR com.umr - Test failed during keyword: NAVIGATE_TO_DICE_LOGIN
2025-05-09 15:06:23.234 [main] INFO  com.umr - Screenshot saved: ./screenshots\FAILURE_TC001_Dice Login Test_20250509_150623.png
2025-05-09 15:06:23.235 [main] INFO  com.umr - ======================================================
2025-05-09 15:06:23.235 [main] INFO  com.umr - TEST COMPLETED: TC001 - Dice Login Test with result: FAIL
2025-05-09 15:06:23.235 [main] INFO  com.umr - ======================================================
2025-05-09 15:06:23.527 [main] INFO  com.umr - WebDriver instance closed successfully
2025-05-09 15:06:23.528 [main] INFO  com.umr - Quitting WebDriver instance
2025-05-09 15:06:23.528 [main] INFO  com.umr - WebDriver instance has been quit
2025-05-09 15:06:23.528 [main] INFO  com.umr - WebDriver ThreadLocal storage has been reset
2025-05-09 15:06:23.528 [main] INFO  com.umr - ======================================================
2025-05-09 15:06:23.529 [main] INFO  com.umr - STARTING TEST: TC002 - Dice Profile Verification
2025-05-09 15:06:23.529 [main] INFO  com.umr - ======================================================
2025-05-09 15:06:23.529 [main] INFO  com.umr - Created TestContext for test: TC002 - Dice Profile Verification
2025-05-09 15:06:23.529 [main] INFO  com.umr - Getting test data for test: TC002
2025-05-09 15:06:23.575 [main] INFO  com.umr - Found test data for test ID: TC002
2025-05-09 15:06:23.575 [main] INFO  com.umr - Getting keywords for test: TC002
2025-05-09 15:06:23.627 [main] INFO  com.umr - Found 5 keywords for test ID: TC002
2025-05-09 15:06:23.628 [main] INFO  com.umr - Executing test with 5 keywords
2025-05-09 15:06:23.628 [main] INFO  com.umr - Executing keyword: OPEN_BROWSER
2025-05-09 15:06:23.628 [main] INFO  com.umr - Executing keyword: OPEN_BROWSER
2025-05-09 15:06:23.629 [main] INFO  com.umr - Executing OPEN_BROWSER keyword
2025-05-09 15:06:23.630 [main] INFO  com.umr - Initializing WebDriver for browser: chrome (headless: false)
2025-05-09 15:06:24.842 [main] INFO  com.umr - WebDriver initialized successfully
2025-05-09 15:06:24.843 [main] INFO  com.umr - Browser opened successfully
2025-05-09 15:06:24.843 [main] INFO  com.umr - Executing keyword: NAVIGATE_TO_DICE_LOGIN
2025-05-09 15:06:24.843 [main] INFO  com.umr - Executing keyword: NAVIGATE_TO_DICE_LOGIN
2025-05-09 15:06:24.844 [main] INFO  com.umr - Executing NAVIGATE_TO_DICE_LOGIN keyword
2025-05-09 15:06:25.374 [main] INFO  com.umr - Navigated to Dice login page: https://www.dice.com/dashboard/login
2025-05-09 15:06:45.456 [main] ERROR com.umr - Dice login page failed to load
2025-05-09 15:06:45.456 [main] ERROR com.umr - Test failed: Dice login page failed to load
2025-05-09 15:06:45.456 [main] ERROR com.umr - Mandatory keyword failed: NAVIGATE_TO_DICE_LOGIN
2025-05-09 15:06:45.456 [main] ERROR com.umr - Test failed: Mandatory keyword failed: NAVIGATE_TO_DICE_LOGIN
2025-05-09 15:06:45.456 [main] ERROR com.umr - Test failed during keyword: NAVIGATE_TO_DICE_LOGIN
2025-05-09 15:06:45.572 [main] INFO  com.umr - Screenshot saved: ./screenshots\FAILURE_TC002_Dice Profile Verification_20250509_150645.png
2025-05-09 15:06:45.572 [main] INFO  com.umr - ======================================================
2025-05-09 15:06:45.572 [main] INFO  com.umr - TEST COMPLETED: TC002 - Dice Profile Verification with result: FAIL
2025-05-09 15:06:45.572 [main] INFO  com.umr - ======================================================
2025-05-09 15:06:45.825 [main] INFO  com.umr - WebDriver instance closed successfully
2025-05-09 15:06:45.825 [main] INFO  com.umr - Quitting WebDriver instance
2025-05-09 15:06:45.825 [main] INFO  com.umr - WebDriver instance has been quit
2025-05-09 15:06:45.826 [main] INFO  com.umr - WebDriver ThreadLocal storage has been reset
2025-05-09 15:06:45.826 [main] INFO  com.umr - ======================================================
2025-05-09 15:06:45.826 [main] INFO  com.umr - STARTING TEST: TC003 - Dice Search Functionality
2025-05-09 15:06:45.826 [main] INFO  com.umr - ======================================================
2025-05-09 15:06:45.826 [main] INFO  com.umr - Created TestContext for test: TC003 - Dice Search Functionality
2025-05-09 15:06:45.826 [main] INFO  com.umr - Getting test data for test: TC003
2025-05-09 15:06:45.847 [main] INFO  com.umr - Found test data for test ID: TC003
2025-05-09 15:06:45.848 [main] INFO  com.umr - Getting keywords for test: TC003
2025-05-09 15:06:45.870 [main] INFO  com.umr - Found 6 keywords for test ID: TC003
2025-05-09 15:06:45.871 [main] INFO  com.umr - Executing test with 6 keywords
2025-05-09 15:06:45.871 [main] INFO  com.umr - Executing keyword: OPEN_BROWSER
2025-05-09 15:06:45.871 [main] INFO  com.umr - Executing keyword: OPEN_BROWSER
2025-05-09 15:06:45.871 [main] INFO  com.umr - Executing OPEN_BROWSER keyword
2025-05-09 15:06:45.871 [main] INFO  com.umr - Initializing WebDriver for browser: chrome (headless: false)
2025-05-09 15:06:46.948 [main] INFO  com.umr - WebDriver initialized successfully
2025-05-09 15:06:46.948 [main] INFO  com.umr - Browser opened successfully
2025-05-09 15:06:46.948 [main] INFO  com.umr - Executing keyword: NAVIGATE_TO_DICE_LOGIN
2025-05-09 15:06:46.948 [main] INFO  com.umr - Executing keyword: NAVIGATE_TO_DICE_LOGIN
2025-05-09 15:06:46.949 [main] INFO  com.umr - Executing NAVIGATE_TO_DICE_LOGIN keyword
2025-05-09 15:06:47.469 [main] INFO  com.umr - Navigated to Dice login page: https://www.dice.com/dashboard/login
2025-05-09 15:07:07.558 [main] ERROR com.umr - Dice login page failed to load
2025-05-09 15:07:07.558 [main] ERROR com.umr - Test failed: Dice login page failed to load
2025-05-09 15:07:07.558 [main] ERROR com.umr - Mandatory keyword failed: NAVIGATE_TO_DICE_LOGIN
2025-05-09 15:07:07.558 [main] ERROR com.umr - Test failed: Mandatory keyword failed: NAVIGATE_TO_DICE_LOGIN
2025-05-09 15:07:07.558 [main] ERROR com.umr - Test failed during keyword: NAVIGATE_TO_DICE_LOGIN
2025-05-09 15:07:07.697 [main] INFO  com.umr - Screenshot saved: ./screenshots\FAILURE_TC003_Dice Search Functionality_20250509_150707.png
2025-05-09 15:07:07.697 [main] INFO  com.umr - ======================================================
2025-05-09 15:07:07.697 [main] INFO  com.umr - TEST COMPLETED: TC003 - Dice Search Functionality with result: FAIL
2025-05-09 15:07:07.697 [main] INFO  com.umr - ======================================================
2025-05-09 15:07:07.941 [main] INFO  com.umr - WebDriver instance closed successfully
2025-05-09 15:07:07.941 [main] INFO  com.umr - Quitting WebDriver instance
2025-05-09 15:07:07.941 [main] INFO  com.umr - WebDriver instance has been quit
2025-05-09 15:07:07.941 [main] INFO  com.umr - WebDriver ThreadLocal storage has been reset
2025-05-09 15:07:07.942 [main] INFO  com.umr - Test Execution Completed
2025-05-09 15:24:50.415 [main] INFO  com.umr - Starting Dice.com Test Execution
2025-05-09 15:24:50.430 [main] INFO  com.umr.core.config.ConfigLoader - Configuration loaded successfully from: src/main/resources/config/framework.properties
2025-05-09 15:24:50.430 [main] INFO  com.umr - Getting active test cases from TestRunner
2025-05-09 15:24:51.035 [main] INFO  com.umr - Found 3 active test cases
2025-05-09 15:24:51.035 [main] INFO  com.umr - Found 3 active test(s)
2025-05-09 15:24:51.043 [main] INFO  com.umr - Loaded 7 keywords from DiceKeywords
2025-05-09 15:24:51.044 [main] INFO  com.umr - ======================================================
2025-05-09 15:24:51.044 [main] INFO  com.umr - STARTING TEST: TC001 - Dice Login Test
2025-05-09 15:24:51.044 [main] INFO  com.umr - ======================================================
2025-05-09 15:24:51.044 [main] INFO  com.umr - Created TestContext for test: TC001 - Dice Login Test
2025-05-09 15:24:51.044 [main] INFO  com.umr - Getting test data for test: TC001
2025-05-09 15:24:51.088 [main] INFO  com.umr - Found test data for test ID: TC001
2025-05-09 15:24:51.088 [main] INFO  com.umr - Getting keywords for test: TC001
2025-05-09 15:24:51.111 [main] INFO  com.umr - Found 4 keywords for test ID: TC001
2025-05-09 15:24:51.111 [main] INFO  com.umr - Executing test with 4 keywords
2025-05-09 15:24:51.111 [main] INFO  com.umr - Executing keyword: OPEN_BROWSER
2025-05-09 15:24:51.111 [main] INFO  com.umr - Executing keyword: OPEN_BROWSER
2025-05-09 15:24:51.111 [main] INFO  com.umr - Executing OPEN_BROWSER keyword
2025-05-09 15:24:51.117 [main] INFO  com.umr - Initializing WebDriver for browser: chrome (headless: false)
2025-05-09 15:24:53.263 [main] INFO  com.umr - WebDriver initialized successfully
2025-05-09 15:24:53.264 [main] INFO  com.umr - Browser opened successfully
2025-05-09 15:24:53.265 [main] INFO  com.umr - Executing keyword: NAVIGATE_TO_DICE_LOGIN
2025-05-09 15:24:53.267 [main] INFO  com.umr - Executing keyword: NAVIGATE_TO_DICE_LOGIN
2025-05-09 15:24:53.267 [main] INFO  com.umr - Executing NAVIGATE_TO_DICE_LOGIN keyword
2025-05-09 15:24:53.846 [main] INFO  com.umr - Navigated to Dice login page: https://www.dice.com/dashboard/login
2025-05-09 15:24:54.547 [main] INFO  com.umr - Screenshot saved: ./screenshots\Dice_Login_Page_Initial_20250509_152454.png
2025-05-09 15:24:57.625 [main] INFO  com.umr - Login page detected with at least one matching element
2025-05-09 15:24:57.625 [main] INFO  com.umr - Dice login page loaded successfully
2025-05-09 15:24:57.784 [main] INFO  com.umr - Screenshot saved: ./screenshots\Dice_Login_Page_Verified_20250509_152457.png
2025-05-09 15:24:57.784 [main] INFO  com.umr - Executing keyword: LOGIN_TO_DICE
2025-05-09 15:24:57.784 [main] INFO  com.umr - Executing keyword: LOGIN_TO_DICE
2025-05-09 15:24:57.785 [main] INFO  com.umr - Executing LOGIN_TO_DICE keyword
2025-05-09 15:24:57.785 [main] INFO  com.umr - Performing login to Dice with email: zahidsdet@gmail.com
2025-05-09 15:24:57.913 [main] INFO  com.umr - Screenshot saved: ./screenshots\Before_Login_Attempt_20250509_152457.png
2025-05-09 15:24:57.913 [main] INFO  com.umr - Entering email: zahidsdet@gmail.com
2025-05-09 15:24:58.375 [main] INFO  com.umr - Screenshot saved: ./screenshots\After_Email_Entry_20250509_152458.png
2025-05-09 15:24:58.375 [main] INFO  com.umr - Clicking Continue button
2025-05-09 15:24:58.908 [main] INFO  com.umr - Password field is now visible
2025-05-09 15:24:59.034 [main] INFO  com.umr - Screenshot saved: ./screenshots\After_Continue_To_Password_20250509_152458.png
2025-05-09 15:24:59.034 [main] INFO  com.umr - Entering password
2025-05-09 15:24:59.393 [main] INFO  com.umr - Screenshot saved: ./screenshots\After_Password_Entry_20250509_152459.png
2025-05-09 15:24:59.395 [main] INFO  com.umr - Clicking Sign In button
2025-05-09 15:24:59.664 [main] INFO  com.umr - Screenshot saved: ./screenshots\After_Sign_In_Click_20250509_152459.png
2025-05-09 15:24:59.665 [main] INFO  com.umr - Successfully logged in to Dice
2025-05-09 15:24:59.792 [main] INFO  com.umr - Screenshot saved: ./screenshots\Login_Successful_20250509_152459.png
2025-05-09 15:25:11.732 [main] INFO  com.umr - Home page loaded successfully after login
2025-05-09 15:25:11.734 [main] INFO  com.umr - Executing keyword: CLOSE_BROWSER
2025-05-09 15:25:11.734 [main] INFO  com.umr - Executing keyword: CLOSE_BROWSER
2025-05-09 15:25:11.734 [main] INFO  com.umr - Executing CLOSE_BROWSER keyword
2025-05-09 15:25:11.734 [main] INFO  com.umr - Quitting WebDriver instance
2025-05-09 15:25:12.087 [main] INFO  com.umr - WebDriver instance has been quit
2025-05-09 15:25:12.087 [main] INFO  com.umr - Browser closed successfully
2025-05-09 15:25:12.087 [main] INFO  com.umr - ======================================================
2025-05-09 15:25:12.087 [main] INFO  com.umr - TEST COMPLETED: TC001 - Dice Login Test with result: PASS
2025-05-09 15:25:12.088 [main] INFO  com.umr - ======================================================
2025-05-09 15:25:12.088 [main] INFO  com.umr - WebDriver instance closed successfully
2025-05-09 15:25:12.088 [main] INFO  com.umr - Quitting WebDriver instance
2025-05-09 15:25:12.088 [main] INFO  com.umr - WebDriver instance has been quit
2025-05-09 15:25:12.088 [main] INFO  com.umr - WebDriver ThreadLocal storage has been reset
2025-05-09 15:25:12.088 [main] INFO  com.umr - ======================================================
2025-05-09 15:25:12.088 [main] INFO  com.umr - STARTING TEST: TC002 - Dice Profile Verification
2025-05-09 15:25:12.089 [main] INFO  com.umr - ======================================================
2025-05-09 15:25:12.089 [main] INFO  com.umr - Created TestContext for test: TC002 - Dice Profile Verification
2025-05-09 15:25:12.089 [main] INFO  com.umr - Getting test data for test: TC002
2025-05-09 15:25:12.117 [main] INFO  com.umr - Found test data for test ID: TC002
2025-05-09 15:25:12.118 [main] INFO  com.umr - Getting keywords for test: TC002
2025-05-09 15:25:12.137 [main] INFO  com.umr - Found 5 keywords for test ID: TC002
2025-05-09 15:25:12.138 [main] INFO  com.umr - Executing test with 5 keywords
2025-05-09 15:25:12.138 [main] INFO  com.umr - Executing keyword: OPEN_BROWSER
2025-05-09 15:25:12.138 [main] INFO  com.umr - Executing keyword: OPEN_BROWSER
2025-05-09 15:25:12.138 [main] INFO  com.umr - Executing OPEN_BROWSER keyword
2025-05-09 15:25:12.138 [main] INFO  com.umr - Initializing WebDriver for browser: chrome (headless: false)
2025-05-09 15:25:13.238 [main] INFO  com.umr - WebDriver initialized successfully
2025-05-09 15:25:13.238 [main] INFO  com.umr - Browser opened successfully
2025-05-09 15:25:13.238 [main] INFO  com.umr - Executing keyword: NAVIGATE_TO_DICE_LOGIN
2025-05-09 15:25:13.238 [main] INFO  com.umr - Executing keyword: NAVIGATE_TO_DICE_LOGIN
2025-05-09 15:25:13.238 [main] INFO  com.umr - Executing NAVIGATE_TO_DICE_LOGIN keyword
2025-05-09 15:25:13.778 [main] INFO  com.umr - Navigated to Dice login page: https://www.dice.com/dashboard/login
2025-05-09 15:25:14.459 [main] INFO  com.umr - Screenshot saved: ./screenshots\Dice_Login_Page_Initial_20250509_152514.png
2025-05-09 15:25:17.506 [main] INFO  com.umr - Login page detected with at least one matching element
2025-05-09 15:25:17.506 [main] INFO  com.umr - Dice login page loaded successfully
2025-05-09 15:25:17.614 [main] INFO  com.umr - Screenshot saved: ./screenshots\Dice_Login_Page_Verified_20250509_152517.png
2025-05-09 15:25:17.614 [main] INFO  com.umr - Executing keyword: LOGIN_TO_DICE
2025-05-09 15:25:17.614 [main] INFO  com.umr - Executing keyword: LOGIN_TO_DICE
2025-05-09 15:25:17.614 [main] INFO  com.umr - Executing LOGIN_TO_DICE keyword
2025-05-09 15:25:17.615 [main] INFO  com.umr - Performing login to Dice with email: zahidsdet@gmail.com
2025-05-09 15:25:17.717 [main] INFO  com.umr - Screenshot saved: ./screenshots\Before_Login_Attempt_20250509_152517.png
2025-05-09 15:25:17.717 [main] INFO  com.umr - Entering email: zahidsdet@gmail.com
2025-05-09 15:25:18.120 [main] INFO  com.umr - Screenshot saved: ./screenshots\After_Email_Entry_20250509_152518.png
2025-05-09 15:25:18.120 [main] INFO  com.umr - Clicking Continue button
2025-05-09 15:25:18.827 [main] INFO  com.umr - Password field is now visible
2025-05-09 15:25:18.945 [main] INFO  com.umr - Screenshot saved: ./screenshots\After_Continue_To_Password_20250509_152518.png
2025-05-09 15:25:18.945 [main] INFO  com.umr - Entering password
2025-05-09 15:25:19.306 [main] INFO  com.umr - Screenshot saved: ./screenshots\After_Password_Entry_20250509_152519.png
2025-05-09 15:25:19.307 [main] INFO  com.umr - Clicking Sign In button
2025-05-09 15:25:19.584 [main] INFO  com.umr - Screenshot saved: ./screenshots\After_Sign_In_Click_20250509_152519.png
2025-05-09 15:25:19.585 [main] INFO  com.umr - Successfully logged in to Dice
2025-05-09 15:25:19.740 [main] INFO  com.umr - Screenshot saved: ./screenshots\Login_Successful_20250509_152519.png
2025-05-09 15:25:40.346 [main] ERROR com.umr - Error checking if home page is loaded
org.openqa.selenium.TimeoutException: Expected condition failed: waiting for visibility of element located by By.cssSelector: h3[aria-label='Greeting'] (tried for 20 second(s) with 500 milliseconds interval)
Build info: version: '4.14.1', revision: '03f8ede370'
System info: os.name: 'Windows 11', os.arch: 'amd64', os.version: '10.0', java.version: '17.0.11'
Driver info: org.openqa.selenium.chrome.ChromeDriver
Capabilities {acceptInsecureCerts: true, browserName: chrome, browserVersion: 136.0.7103.93, chrome: {chromedriverVersion: 136.0.7103.92 (cb81a4cc5087..., userDataDir: C:\Users\ABC\AppData\Local\...}, fedcm:accounts: true, goog:chromeOptions: {debuggerAddress: localhost:63998}, networkConnectionEnabled: false, pageLoadStrategy: normal, platformName: windows, proxy: Proxy(), se:cdp: ws://localhost:63998/devtoo..., se:cdpVersion: 136.0.7103.93, setWindowRect: true, strictFileInteractability: false, timeouts: {implicit: 0, pageLoad: 300000, script: 30000}, unhandledPromptBehavior: dismiss and notify, webauthn:extension:credBlob: true, webauthn:extension:largeBlob: true, webauthn:extension:minPinLength: true, webauthn:extension:prf: true, webauthn:virtualAuthenticators: true}
Session ID: d5c5a2f14107ec779f35d7bfe1b401f3
	at org.openqa.selenium.support.ui.WebDriverWait.timeoutException(WebDriverWait.java:84) ~[selenium-support-4.14.1.jar:?]
	at org.openqa.selenium.support.ui.FluentWait.until(FluentWait.java:230) ~[selenium-support-4.14.1.jar:?]
	at com.umr.pages.HomePage.isPageLoaded(HomePage.java:32) [classes/:?]
	at com.umr.core.keyword.DiceKeywords.loginToDice(DiceKeywords.java:134) [classes/:?]
	at jdk.internal.reflect.NativeMethodAccessorImpl.invoke0(Native Method) ~[?:?]
	at jdk.internal.reflect.NativeMethodAccessorImpl.invoke(NativeMethodAccessorImpl.java:77) ~[?:?]
	at jdk.internal.reflect.DelegatingMethodAccessorImpl.invoke(DelegatingMethodAccessorImpl.java:43) ~[?:?]
	at java.lang.reflect.Method.invoke(Method.java:568) ~[?:?]
	at com.umr.core.KeywordExecutor.executeKeyword(KeywordExecutor.java:70) [classes/:?]
	at com.umr.core.DiceTestRunner.executeTest(DiceTestRunner.java:78) [classes/:?]
	at com.umr.core.DiceTestRunner.main(DiceTestRunner.java:32) [classes/:?]
2025-05-09 15:25:40.352 [main] ERROR com.umr - Home page failed to load after login
2025-05-09 15:25:40.352 [main] ERROR com.umr - Test failed: Home page failed to load after login
2025-05-09 15:25:40.352 [main] ERROR com.umr - Mandatory keyword failed: LOGIN_TO_DICE
2025-05-09 15:25:40.352 [main] ERROR com.umr - Test failed: Mandatory keyword failed: LOGIN_TO_DICE
2025-05-09 15:25:40.352 [main] ERROR com.umr - Test failed during keyword: LOGIN_TO_DICE
2025-05-09 15:25:40.447 [main] INFO  com.umr - Screenshot saved: ./screenshots\FAILURE_TC002_Dice Profile Verification_20250509_152540.png
2025-05-09 15:25:40.447 [main] INFO  com.umr - ======================================================
2025-05-09 15:25:40.447 [main] INFO  com.umr - TEST COMPLETED: TC002 - Dice Profile Verification with result: FAIL
2025-05-09 15:25:40.447 [main] INFO  com.umr - ======================================================
2025-05-09 15:25:40.700 [main] INFO  com.umr - WebDriver instance closed successfully
2025-05-09 15:25:40.700 [main] INFO  com.umr - Quitting WebDriver instance
2025-05-09 15:25:40.701 [main] INFO  com.umr - WebDriver instance has been quit
2025-05-09 15:25:40.701 [main] INFO  com.umr - WebDriver ThreadLocal storage has been reset
2025-05-09 15:25:40.701 [main] INFO  com.umr - ======================================================
2025-05-09 15:25:40.701 [main] INFO  com.umr - STARTING TEST: TC003 - Dice Search Functionality
2025-05-09 15:25:40.701 [main] INFO  com.umr - ======================================================
2025-05-09 15:25:40.701 [main] INFO  com.umr - Created TestContext for test: TC003 - Dice Search Functionality
2025-05-09 15:25:40.701 [main] INFO  com.umr - Getting test data for test: TC003
2025-05-09 15:25:40.725 [main] INFO  com.umr - Found test data for test ID: TC003
2025-05-09 15:25:40.725 [main] INFO  com.umr - Getting keywords for test: TC003
2025-05-09 15:25:40.750 [main] INFO  com.umr - Found 6 keywords for test ID: TC003
2025-05-09 15:25:40.750 [main] INFO  com.umr - Executing test with 6 keywords
2025-05-09 15:25:40.750 [main] INFO  com.umr - Executing keyword: OPEN_BROWSER
2025-05-09 15:25:40.750 [main] INFO  com.umr - Executing keyword: OPEN_BROWSER
2025-05-09 15:25:40.751 [main] INFO  com.umr - Executing OPEN_BROWSER keyword
2025-05-09 15:25:40.751 [main] INFO  com.umr - Initializing WebDriver for browser: chrome (headless: false)
2025-05-09 15:25:41.972 [main] INFO  com.umr - WebDriver initialized successfully
2025-05-09 15:25:41.973 [main] INFO  com.umr - Browser opened successfully
2025-05-09 15:25:41.973 [main] INFO  com.umr - Executing keyword: NAVIGATE_TO_DICE_LOGIN
2025-05-09 15:25:41.973 [main] INFO  com.umr - Executing keyword: NAVIGATE_TO_DICE_LOGIN
2025-05-09 15:25:41.973 [main] INFO  com.umr - Executing NAVIGATE_TO_DICE_LOGIN keyword
2025-05-09 15:25:42.498 [main] INFO  com.umr - Navigated to Dice login page: https://www.dice.com/dashboard/login
2025-05-09 15:25:43.188 [main] INFO  com.umr - Screenshot saved: ./screenshots\Dice_Login_Page_Initial_20250509_152542.png
2025-05-09 15:25:46.252 [main] INFO  com.umr - Login page detected with at least one matching element
2025-05-09 15:25:46.252 [main] INFO  com.umr - Dice login page loaded successfully
2025-05-09 15:25:46.359 [main] INFO  com.umr - Screenshot saved: ./screenshots\Dice_Login_Page_Verified_20250509_152546.png
2025-05-09 15:25:46.359 [main] INFO  com.umr - Executing keyword: LOGIN_TO_DICE
2025-05-09 15:25:46.359 [main] INFO  com.umr - Executing keyword: LOGIN_TO_DICE
2025-05-09 15:25:46.359 [main] INFO  com.umr - Executing LOGIN_TO_DICE keyword
2025-05-09 15:25:46.359 [main] INFO  com.umr - Performing login to Dice with email: zahidsdet@gmail.com
2025-05-09 15:25:46.463 [main] INFO  com.umr - Screenshot saved: ./screenshots\Before_Login_Attempt_20250509_152546.png
2025-05-09 15:25:46.463 [main] INFO  com.umr - Entering email: zahidsdet@gmail.com
2025-05-09 15:25:46.890 [main] INFO  com.umr - Screenshot saved: ./screenshots\After_Email_Entry_20250509_152546.png
2025-05-09 15:25:46.890 [main] INFO  com.umr - Clicking Continue button
2025-05-09 15:25:47.450 [main] INFO  com.umr - Password field is now visible
2025-05-09 15:25:47.564 [main] INFO  com.umr - Screenshot saved: ./screenshots\After_Continue_To_Password_20250509_152547.png
2025-05-09 15:25:47.564 [main] INFO  com.umr - Entering password
2025-05-09 15:25:47.894 [main] INFO  com.umr - Screenshot saved: ./screenshots\After_Password_Entry_20250509_152547.png
2025-05-09 15:25:47.895 [main] INFO  com.umr - Clicking Sign In button
2025-05-09 15:25:48.177 [main] INFO  com.umr - Screenshot saved: ./screenshots\After_Sign_In_Click_20250509_152548.png
2025-05-09 15:25:48.177 [main] INFO  com.umr - Successfully logged in to Dice
2025-05-09 15:25:48.305 [main] INFO  com.umr - Screenshot saved: ./screenshots\Login_Successful_20250509_152548.png
2025-05-09 15:26:09.042 [main] ERROR com.umr - Error checking if home page is loaded
org.openqa.selenium.TimeoutException: Expected condition failed: waiting for visibility of element located by By.cssSelector: h3[aria-label='Greeting'] (tried for 20 second(s) with 500 milliseconds interval)
Build info: version: '4.14.1', revision: '03f8ede370'
System info: os.name: 'Windows 11', os.arch: 'amd64', os.version: '10.0', java.version: '17.0.11'
Driver info: org.openqa.selenium.chrome.ChromeDriver
Capabilities {acceptInsecureCerts: true, browserName: chrome, browserVersion: 136.0.7103.93, chrome: {chromedriverVersion: 136.0.7103.92 (cb81a4cc5087..., userDataDir: C:\Users\ABC\AppData\Local\...}, fedcm:accounts: true, goog:chromeOptions: {debuggerAddress: localhost:64094}, networkConnectionEnabled: false, pageLoadStrategy: normal, platformName: windows, proxy: Proxy(), se:cdp: ws://localhost:64094/devtoo..., se:cdpVersion: 136.0.7103.93, setWindowRect: true, strictFileInteractability: false, timeouts: {implicit: 0, pageLoad: 300000, script: 30000}, unhandledPromptBehavior: dismiss and notify, webauthn:extension:credBlob: true, webauthn:extension:largeBlob: true, webauthn:extension:minPinLength: true, webauthn:extension:prf: true, webauthn:virtualAuthenticators: true}
Session ID: a7325702b9f739552ac3c321d4944052
	at org.openqa.selenium.support.ui.WebDriverWait.timeoutException(WebDriverWait.java:84) ~[selenium-support-4.14.1.jar:?]
	at org.openqa.selenium.support.ui.FluentWait.until(FluentWait.java:230) ~[selenium-support-4.14.1.jar:?]
	at com.umr.pages.HomePage.isPageLoaded(HomePage.java:32) [classes/:?]
	at com.umr.core.keyword.DiceKeywords.loginToDice(DiceKeywords.java:134) [classes/:?]
	at jdk.internal.reflect.NativeMethodAccessorImpl.invoke0(Native Method) ~[?:?]
	at jdk.internal.reflect.NativeMethodAccessorImpl.invoke(NativeMethodAccessorImpl.java:77) ~[?:?]
	at jdk.internal.reflect.DelegatingMethodAccessorImpl.invoke(DelegatingMethodAccessorImpl.java:43) ~[?:?]
	at java.lang.reflect.Method.invoke(Method.java:568) ~[?:?]
	at com.umr.core.KeywordExecutor.executeKeyword(KeywordExecutor.java:70) [classes/:?]
	at com.umr.core.DiceTestRunner.executeTest(DiceTestRunner.java:78) [classes/:?]
	at com.umr.core.DiceTestRunner.main(DiceTestRunner.java:32) [classes/:?]
2025-05-09 15:26:09.045 [main] ERROR com.umr - Home page failed to load after login
2025-05-09 15:26:09.046 [main] ERROR com.umr - Test failed: Home page failed to load after login
2025-05-09 15:26:09.046 [main] ERROR com.umr - Mandatory keyword failed: LOGIN_TO_DICE
2025-05-09 15:26:09.046 [main] ERROR com.umr - Test failed: Mandatory keyword failed: LOGIN_TO_DICE
2025-05-09 15:26:09.047 [main] ERROR com.umr - Test failed during keyword: LOGIN_TO_DICE
2025-05-09 15:26:09.211 [main] INFO  com.umr - Screenshot saved: ./screenshots\FAILURE_TC003_Dice Search Functionality_20250509_152609.png
2025-05-09 15:26:09.211 [main] INFO  com.umr - ======================================================
2025-05-09 15:26:09.211 [main] INFO  com.umr - TEST COMPLETED: TC003 - Dice Search Functionality with result: FAIL
2025-05-09 15:26:09.211 [main] INFO  com.umr - ======================================================
2025-05-09 15:26:09.552 [main] INFO  com.umr - WebDriver instance closed successfully
2025-05-09 15:26:09.554 [main] INFO  com.umr - Quitting WebDriver instance
2025-05-09 15:26:09.554 [main] INFO  com.umr - WebDriver instance has been quit
2025-05-09 15:26:09.556 [main] INFO  com.umr - WebDriver ThreadLocal storage has been reset
2025-05-09 15:26:09.556 [main] INFO  com.umr - Test Execution Completed
2025-05-09 15:34:01.520 [main] INFO  com.umr - Starting Dice.com Test Execution
2025-05-09 15:34:01.535 [main] INFO  com.umr.core.config.ConfigLoader - Configuration loaded successfully from: src/main/resources/config/framework.properties
2025-05-09 15:34:01.535 [main] INFO  com.umr - Getting active test cases from TestRunner
2025-05-09 15:34:02.137 [main] INFO  com.umr - Found 3 active test cases
2025-05-09 15:34:02.138 [main] INFO  com.umr - Found 3 active test(s)
2025-05-09 15:34:02.144 [main] INFO  com.umr - Loaded 7 keywords from DiceKeywords
2025-05-09 15:34:02.144 [main] INFO  com.umr - ======================================================
2025-05-09 15:34:02.144 [main] INFO  com.umr - STARTING TEST: TC001 - Dice Login Test
2025-05-09 15:34:02.144 [main] INFO  com.umr - ======================================================
2025-05-09 15:34:02.144 [main] INFO  com.umr - Created TestContext for test: TC001 - Dice Login Test
2025-05-09 15:34:02.145 [main] INFO  com.umr - Getting test data for test: TC001
2025-05-09 15:34:02.176 [main] INFO  com.umr - Found test data for test ID: TC001
2025-05-09 15:34:02.177 [main] INFO  com.umr - Getting keywords for test: TC001
2025-05-09 15:34:02.203 [main] INFO  com.umr - Found 4 keywords for test ID: TC001
2025-05-09 15:34:02.204 [main] INFO  com.umr - Executing test with 4 keywords
2025-05-09 15:34:02.204 [main] INFO  com.umr - Executing keyword: OPEN_BROWSER
2025-05-09 15:34:02.204 [main] INFO  com.umr - Executing keyword: OPEN_BROWSER
2025-05-09 15:34:02.204 [main] INFO  com.umr - Executing OPEN_BROWSER keyword
2025-05-09 15:34:02.210 [main] INFO  com.umr - Initializing WebDriver for browser: chrome (headless: false)
2025-05-09 15:34:05.121 [main] INFO  com.umr - WebDriver initialized successfully
2025-05-09 15:34:05.122 [main] INFO  com.umr - Browser opened successfully
2025-05-09 15:34:05.122 [main] INFO  com.umr - Executing keyword: NAVIGATE_TO_DICE_LOGIN
2025-05-09 15:34:05.122 [main] INFO  com.umr - Executing keyword: NAVIGATE_TO_DICE_LOGIN
2025-05-09 15:34:05.122 [main] INFO  com.umr - Executing NAVIGATE_TO_DICE_LOGIN keyword
2025-05-09 15:34:05.659 [main] INFO  com.umr - Navigated to Dice login page: https://www.dice.com/dashboard/login
2025-05-09 15:34:06.481 [main] INFO  com.umr - Screenshot saved: ./screenshots\Dice_Login_Page_Initial_20250509_153406.png
2025-05-09 15:34:09.573 [main] INFO  com.umr - Login page detected with at least one matching element
2025-05-09 15:34:09.573 [main] INFO  com.umr - Dice login page loaded successfully
2025-05-09 15:34:09.692 [main] INFO  com.umr - Screenshot saved: ./screenshots\Dice_Login_Page_Verified_20250509_153409.png
2025-05-09 15:34:09.692 [main] INFO  com.umr - Executing keyword: LOGIN_TO_DICE
2025-05-09 15:34:09.692 [main] INFO  com.umr - Executing keyword: LOGIN_TO_DICE
2025-05-09 15:34:09.692 [main] INFO  com.umr - Executing LOGIN_TO_DICE keyword
2025-05-09 15:34:09.693 [main] INFO  com.umr - Performing login to Dice with email: zahidsdet@gmail.com
2025-05-09 15:34:09.801 [main] INFO  com.umr - Screenshot saved: ./screenshots\Before_Login_Attempt_20250509_153409.png
2025-05-09 15:34:09.801 [main] INFO  com.umr - Entering email: zahidsdet@gmail.com
2025-05-09 15:34:10.253 [main] INFO  com.umr - Screenshot saved: ./screenshots\After_Email_Entry_20250509_153410.png
2025-05-09 15:34:10.253 [main] INFO  com.umr - Clicking Continue button
2025-05-09 15:34:10.819 [main] INFO  com.umr - Password field is now visible
2025-05-09 15:34:10.943 [main] INFO  com.umr - Screenshot saved: ./screenshots\After_Continue_To_Password_20250509_153410.png
2025-05-09 15:34:10.943 [main] INFO  com.umr - Entering password
2025-05-09 15:34:11.278 [main] INFO  com.umr - Screenshot saved: ./screenshots\After_Password_Entry_20250509_153411.png
2025-05-09 15:34:11.278 [main] INFO  com.umr - Clicking Sign In button
2025-05-09 15:34:11.559 [main] INFO  com.umr - Screenshot saved: ./screenshots\After_Sign_In_Click_20250509_153411.png
2025-05-09 15:34:11.560 [main] INFO  com.umr - Successfully logged in to Dice
2025-05-09 15:34:11.693 [main] INFO  com.umr - Screenshot saved: ./screenshots\Login_Successful_20250509_153411.png
2025-05-09 15:34:23.772 [main] INFO  com.umr - Home page loaded successfully after login
2025-05-09 15:34:23.773 [main] INFO  com.umr - Executing keyword: CLOSE_BROWSER
2025-05-09 15:34:23.773 [main] INFO  com.umr - Executing keyword: CLOSE_BROWSER
2025-05-09 15:34:23.774 [main] INFO  com.umr - Executing CLOSE_BROWSER keyword
2025-05-09 15:34:23.774 [main] INFO  com.umr - Quitting WebDriver instance
2025-05-09 15:34:24.071 [main] INFO  com.umr - WebDriver instance has been quit
2025-05-09 15:34:24.072 [main] INFO  com.umr - Browser closed successfully
2025-05-09 15:34:24.072 [main] INFO  com.umr - ======================================================
2025-05-09 15:34:24.072 [main] INFO  com.umr - TEST COMPLETED: TC001 - Dice Login Test with result: PASS
2025-05-09 15:34:24.072 [main] INFO  com.umr - ======================================================
2025-05-09 15:34:24.072 [main] INFO  com.umr - WebDriver instance closed successfully
2025-05-09 15:34:24.072 [main] INFO  com.umr - Quitting WebDriver instance
2025-05-09 15:34:24.072 [main] INFO  com.umr - WebDriver instance has been quit
2025-05-09 15:34:24.072 [main] INFO  com.umr - WebDriver ThreadLocal storage has been reset
2025-05-09 15:34:24.073 [main] INFO  com.umr - ======================================================
2025-05-09 15:34:24.073 [main] INFO  com.umr - STARTING TEST: TC002 - Dice Profile Verification
2025-05-09 15:34:24.073 [main] INFO  com.umr - ======================================================
2025-05-09 15:34:24.073 [main] INFO  com.umr - Created TestContext for test: TC002 - Dice Profile Verification
2025-05-09 15:34:24.073 [main] INFO  com.umr - Getting test data for test: TC002
2025-05-09 15:34:24.100 [main] INFO  com.umr - Found test data for test ID: TC002
2025-05-09 15:34:24.101 [main] INFO  com.umr - Getting keywords for test: TC002
2025-05-09 15:34:24.124 [main] INFO  com.umr - Found 5 keywords for test ID: TC002
2025-05-09 15:34:24.126 [main] INFO  com.umr - Executing test with 5 keywords
2025-05-09 15:34:24.126 [main] INFO  com.umr - Executing keyword: OPEN_BROWSER
2025-05-09 15:34:24.126 [main] INFO  com.umr - Executing keyword: OPEN_BROWSER
2025-05-09 15:34:24.126 [main] INFO  com.umr - Executing OPEN_BROWSER keyword
2025-05-09 15:34:24.127 [main] INFO  com.umr - Initializing WebDriver for browser: chrome (headless: false)
2025-05-09 15:34:25.206 [main] INFO  com.umr - WebDriver initialized successfully
2025-05-09 15:34:25.207 [main] INFO  com.umr - Browser opened successfully
2025-05-09 15:34:25.207 [main] INFO  com.umr - Executing keyword: NAVIGATE_TO_DICE_LOGIN
2025-05-09 15:34:25.207 [main] INFO  com.umr - Executing keyword: NAVIGATE_TO_DICE_LOGIN
2025-05-09 15:34:25.207 [main] INFO  com.umr - Executing NAVIGATE_TO_DICE_LOGIN keyword
2025-05-09 15:34:25.806 [main] INFO  com.umr - Navigated to Dice login page: https://www.dice.com/dashboard/login
2025-05-09 15:34:26.481 [main] INFO  com.umr - Screenshot saved: ./screenshots\Dice_Login_Page_Initial_20250509_153426.png
2025-05-09 15:34:29.528 [main] INFO  com.umr - Login page detected with at least one matching element
2025-05-09 15:34:29.528 [main] INFO  com.umr - Dice login page loaded successfully
2025-05-09 15:34:29.633 [main] INFO  com.umr - Screenshot saved: ./screenshots\Dice_Login_Page_Verified_20250509_153429.png
2025-05-09 15:34:29.633 [main] INFO  com.umr - Executing keyword: LOGIN_TO_DICE
2025-05-09 15:34:29.633 [main] INFO  com.umr - Executing keyword: LOGIN_TO_DICE
2025-05-09 15:34:29.633 [main] INFO  com.umr - Executing LOGIN_TO_DICE keyword
2025-05-09 15:34:29.633 [main] INFO  com.umr - Performing login to Dice with email: zahidsdet@gmail.com
2025-05-09 15:34:29.731 [main] INFO  com.umr - Screenshot saved: ./screenshots\Before_Login_Attempt_20250509_153429.png
2025-05-09 15:34:29.731 [main] INFO  com.umr - Entering email: zahidsdet@gmail.com
2025-05-09 15:34:30.150 [main] INFO  com.umr - Screenshot saved: ./screenshots\After_Email_Entry_20250509_153430.png
2025-05-09 15:34:30.150 [main] INFO  com.umr - Clicking Continue button
2025-05-09 15:34:30.731 [main] INFO  com.umr - Password field is now visible
2025-05-09 15:34:30.854 [main] INFO  com.umr - Screenshot saved: ./screenshots\After_Continue_To_Password_20250509_153430.png
2025-05-09 15:34:30.855 [main] INFO  com.umr - Entering password
2025-05-09 15:34:31.217 [main] INFO  com.umr - Screenshot saved: ./screenshots\After_Password_Entry_20250509_153431.png
2025-05-09 15:34:31.217 [main] INFO  com.umr - Clicking Sign In button
2025-05-09 15:34:31.493 [main] INFO  com.umr - Screenshot saved: ./screenshots\After_Sign_In_Click_20250509_153431.png
2025-05-09 15:34:31.493 [main] INFO  com.umr - Successfully logged in to Dice
2025-05-09 15:34:31.647 [main] INFO  com.umr - Screenshot saved: ./screenshots\Login_Successful_20250509_153431.png
2025-05-09 15:34:52.198 [main] ERROR com.umr - Error checking if home page is loaded
org.openqa.selenium.TimeoutException: Expected condition failed: waiting for visibility of element located by By.cssSelector: h3[aria-label='Greeting'] (tried for 20 second(s) with 500 milliseconds interval)
Build info: version: '4.14.1', revision: '03f8ede370'
System info: os.name: 'Windows 11', os.arch: 'amd64', os.version: '10.0', java.version: '17.0.11'
Driver info: org.openqa.selenium.chrome.ChromeDriver
Capabilities {acceptInsecureCerts: true, browserName: chrome, browserVersion: 136.0.7103.93, chrome: {chromedriverVersion: 136.0.7103.92 (cb81a4cc5087..., userDataDir: C:\Users\ABC\AppData\Local\...}, fedcm:accounts: true, goog:chromeOptions: {debuggerAddress: localhost:64337}, networkConnectionEnabled: false, pageLoadStrategy: normal, platformName: windows, proxy: Proxy(), se:cdp: ws://localhost:64337/devtoo..., se:cdpVersion: 136.0.7103.93, setWindowRect: true, strictFileInteractability: false, timeouts: {implicit: 0, pageLoad: 300000, script: 30000}, unhandledPromptBehavior: dismiss and notify, webauthn:extension:credBlob: true, webauthn:extension:largeBlob: true, webauthn:extension:minPinLength: true, webauthn:extension:prf: true, webauthn:virtualAuthenticators: true}
Session ID: 43eac618899dec222ebc2b8e30c264f8
	at org.openqa.selenium.support.ui.WebDriverWait.timeoutException(WebDriverWait.java:84) ~[selenium-support-4.14.1.jar:?]
	at org.openqa.selenium.support.ui.FluentWait.until(FluentWait.java:230) ~[selenium-support-4.14.1.jar:?]
	at com.umr.pages.HomePage.isPageLoaded(HomePage.java:32) [classes/:?]
	at com.umr.core.keyword.DiceKeywords.loginToDice(DiceKeywords.java:134) [classes/:?]
	at jdk.internal.reflect.NativeMethodAccessorImpl.invoke0(Native Method) ~[?:?]
	at jdk.internal.reflect.NativeMethodAccessorImpl.invoke(NativeMethodAccessorImpl.java:77) ~[?:?]
	at jdk.internal.reflect.DelegatingMethodAccessorImpl.invoke(DelegatingMethodAccessorImpl.java:43) ~[?:?]
	at java.lang.reflect.Method.invoke(Method.java:568) ~[?:?]
	at com.umr.core.KeywordExecutor.executeKeyword(KeywordExecutor.java:70) [classes/:?]
	at com.umr.core.DiceTestRunner.executeTest(DiceTestRunner.java:78) [classes/:?]
	at com.umr.core.DiceTestRunner.main(DiceTestRunner.java:32) [classes/:?]
2025-05-09 15:34:52.207 [main] ERROR com.umr - Home page failed to load after login
2025-05-09 15:34:52.208 [main] ERROR com.umr - Test failed: Home page failed to load after login
2025-05-09 15:34:52.208 [main] ERROR com.umr - Mandatory keyword failed: LOGIN_TO_DICE
2025-05-09 15:34:52.208 [main] ERROR com.umr - Test failed: Mandatory keyword failed: LOGIN_TO_DICE
2025-05-09 15:34:52.208 [main] ERROR com.umr - Test failed during keyword: LOGIN_TO_DICE
2025-05-09 15:34:52.302 [main] INFO  com.umr - Screenshot saved: ./screenshots\FAILURE_TC002_Dice Profile Verification_20250509_153452.png
2025-05-09 15:34:52.302 [main] INFO  com.umr - ======================================================
2025-05-09 15:34:52.303 [main] INFO  com.umr - TEST COMPLETED: TC002 - Dice Profile Verification with result: FAIL
2025-05-09 15:34:52.303 [main] INFO  com.umr - ======================================================
2025-05-09 15:34:52.568 [main] INFO  com.umr - WebDriver instance closed successfully
2025-05-09 15:34:52.569 [main] INFO  com.umr - Quitting WebDriver instance
2025-05-09 15:34:52.569 [main] INFO  com.umr - WebDriver instance has been quit
2025-05-09 15:34:52.569 [main] INFO  com.umr - WebDriver ThreadLocal storage has been reset
2025-05-09 15:34:52.569 [main] INFO  com.umr - ======================================================
2025-05-09 15:34:52.569 [main] INFO  com.umr - STARTING TEST: TC003 - Dice Search Functionality
2025-05-09 15:34:52.569 [main] INFO  com.umr - ======================================================
2025-05-09 15:34:52.570 [main] INFO  com.umr - Created TestContext for test: TC003 - Dice Search Functionality
2025-05-09 15:34:52.570 [main] INFO  com.umr - Getting test data for test: TC003
2025-05-09 15:34:52.590 [main] INFO  com.umr - Found test data for test ID: TC003
2025-05-09 15:34:52.591 [main] INFO  com.umr - Getting keywords for test: TC003
2025-05-09 15:34:52.615 [main] INFO  com.umr - Found 6 keywords for test ID: TC003
2025-05-09 15:34:52.615 [main] INFO  com.umr - Executing test with 6 keywords
2025-05-09 15:34:52.615 [main] INFO  com.umr - Executing keyword: OPEN_BROWSER
2025-05-09 15:34:52.615 [main] INFO  com.umr - Executing keyword: OPEN_BROWSER
2025-05-09 15:34:52.615 [main] INFO  com.umr - Executing OPEN_BROWSER keyword
2025-05-09 15:34:52.615 [main] INFO  com.umr - Initializing WebDriver for browser: chrome (headless: false)
2025-05-09 15:34:53.787 [main] INFO  com.umr - WebDriver initialized successfully
2025-05-09 15:34:53.788 [main] INFO  com.umr - Browser opened successfully
2025-05-09 15:34:53.788 [main] INFO  com.umr - Executing keyword: NAVIGATE_TO_DICE_LOGIN
2025-05-09 15:34:53.788 [main] INFO  com.umr - Executing keyword: NAVIGATE_TO_DICE_LOGIN
2025-05-09 15:34:53.788 [main] INFO  com.umr - Executing NAVIGATE_TO_DICE_LOGIN keyword
2025-05-09 15:34:54.360 [main] INFO  com.umr - Navigated to Dice login page: https://www.dice.com/dashboard/login
2025-05-09 15:34:55.059 [main] INFO  com.umr - Screenshot saved: ./screenshots\Dice_Login_Page_Initial_20250509_153454.png
2025-05-09 15:34:58.113 [main] INFO  com.umr - Login page detected with at least one matching element
2025-05-09 15:34:58.113 [main] INFO  com.umr - Dice login page loaded successfully
2025-05-09 15:34:58.219 [main] INFO  com.umr - Screenshot saved: ./screenshots\Dice_Login_Page_Verified_20250509_153458.png
2025-05-09 15:34:58.219 [main] INFO  com.umr - Executing keyword: LOGIN_TO_DICE
2025-05-09 15:34:58.219 [main] INFO  com.umr - Executing keyword: LOGIN_TO_DICE
2025-05-09 15:34:58.219 [main] INFO  com.umr - Executing LOGIN_TO_DICE keyword
2025-05-09 15:34:58.219 [main] INFO  com.umr - Performing login to Dice with email: zahidsdet@gmail.com
2025-05-09 15:34:58.340 [main] INFO  com.umr - Screenshot saved: ./screenshots\Before_Login_Attempt_20250509_153458.png
2025-05-09 15:34:58.340 [main] INFO  com.umr - Entering email: zahidsdet@gmail.com
2025-05-09 15:34:58.757 [main] INFO  com.umr - Screenshot saved: ./screenshots\After_Email_Entry_20250509_153458.png
2025-05-09 15:34:58.757 [main] INFO  com.umr - Clicking Continue button
2025-05-09 15:34:59.406 [main] INFO  com.umr - Password field is now visible
2025-05-09 15:34:59.514 [main] INFO  com.umr - Screenshot saved: ./screenshots\After_Continue_To_Password_20250509_153459.png
2025-05-09 15:34:59.514 [main] INFO  com.umr - Entering password
2025-05-09 15:34:59.822 [main] INFO  com.umr - Screenshot saved: ./screenshots\After_Password_Entry_20250509_153459.png
2025-05-09 15:34:59.822 [main] INFO  com.umr - Clicking Sign In button
2025-05-09 15:35:00.104 [main] INFO  com.umr - Screenshot saved: ./screenshots\After_Sign_In_Click_20250509_153459.png
2025-05-09 15:35:00.104 [main] INFO  com.umr - Successfully logged in to Dice
2025-05-09 15:35:00.243 [main] INFO  com.umr - Screenshot saved: ./screenshots\Login_Successful_20250509_153500.png
2025-05-09 15:35:20.850 [main] ERROR com.umr - Error checking if home page is loaded
org.openqa.selenium.TimeoutException: Expected condition failed: waiting for visibility of element located by By.cssSelector: h3[aria-label='Greeting'] (tried for 20 second(s) with 500 milliseconds interval)
Build info: version: '4.14.1', revision: '03f8ede370'
System info: os.name: 'Windows 11', os.arch: 'amd64', os.version: '10.0', java.version: '17.0.11'
Driver info: org.openqa.selenium.chrome.ChromeDriver
Capabilities {acceptInsecureCerts: true, browserName: chrome, browserVersion: 136.0.7103.93, chrome: {chromedriverVersion: 136.0.7103.92 (cb81a4cc5087..., userDataDir: C:\Users\ABC\AppData\Local\...}, fedcm:accounts: true, goog:chromeOptions: {debuggerAddress: localhost:64432}, networkConnectionEnabled: false, pageLoadStrategy: normal, platformName: windows, proxy: Proxy(), se:cdp: ws://localhost:64432/devtoo..., se:cdpVersion: 136.0.7103.93, setWindowRect: true, strictFileInteractability: false, timeouts: {implicit: 0, pageLoad: 300000, script: 30000}, unhandledPromptBehavior: dismiss and notify, webauthn:extension:credBlob: true, webauthn:extension:largeBlob: true, webauthn:extension:minPinLength: true, webauthn:extension:prf: true, webauthn:virtualAuthenticators: true}
Session ID: 6ef4b418e92f42fab926cc1a75ede826
	at org.openqa.selenium.support.ui.WebDriverWait.timeoutException(WebDriverWait.java:84) ~[selenium-support-4.14.1.jar:?]
	at org.openqa.selenium.support.ui.FluentWait.until(FluentWait.java:230) ~[selenium-support-4.14.1.jar:?]
	at com.umr.pages.HomePage.isPageLoaded(HomePage.java:32) [classes/:?]
	at com.umr.core.keyword.DiceKeywords.loginToDice(DiceKeywords.java:134) [classes/:?]
	at jdk.internal.reflect.NativeMethodAccessorImpl.invoke0(Native Method) ~[?:?]
	at jdk.internal.reflect.NativeMethodAccessorImpl.invoke(NativeMethodAccessorImpl.java:77) ~[?:?]
	at jdk.internal.reflect.DelegatingMethodAccessorImpl.invoke(DelegatingMethodAccessorImpl.java:43) ~[?:?]
	at java.lang.reflect.Method.invoke(Method.java:568) ~[?:?]
	at com.umr.core.KeywordExecutor.executeKeyword(KeywordExecutor.java:70) [classes/:?]
	at com.umr.core.DiceTestRunner.executeTest(DiceTestRunner.java:78) [classes/:?]
	at com.umr.core.DiceTestRunner.main(DiceTestRunner.java:32) [classes/:?]
2025-05-09 15:35:20.851 [main] ERROR com.umr - Home page failed to load after login
2025-05-09 15:35:20.851 [main] ERROR com.umr - Test failed: Home page failed to load after login
2025-05-09 15:35:20.851 [main] ERROR com.umr - Mandatory keyword failed: LOGIN_TO_DICE
2025-05-09 15:35:20.851 [main] ERROR com.umr - Test failed: Mandatory keyword failed: LOGIN_TO_DICE
2025-05-09 15:35:20.851 [main] ERROR com.umr - Test failed during keyword: LOGIN_TO_DICE
2025-05-09 15:35:21.006 [main] INFO  com.umr - Screenshot saved: ./screenshots\FAILURE_TC003_Dice Search Functionality_20250509_153520.png
2025-05-09 15:35:21.006 [main] INFO  com.umr - ======================================================
2025-05-09 15:35:21.006 [main] INFO  com.umr - TEST COMPLETED: TC003 - Dice Search Functionality with result: FAIL
2025-05-09 15:35:21.006 [main] INFO  com.umr - ======================================================
2025-05-09 15:35:21.238 [main] INFO  com.umr - WebDriver instance closed successfully
2025-05-09 15:35:21.238 [main] INFO  com.umr - Quitting WebDriver instance
2025-05-09 15:35:21.238 [main] INFO  com.umr - WebDriver instance has been quit
2025-05-09 15:35:21.238 [main] INFO  com.umr - WebDriver ThreadLocal storage has been reset
2025-05-09 15:35:21.238 [main] INFO  com.umr - Test Execution Completed
2025-05-09 16:08:34.459 [main] INFO  com.umr - Starting Dice.com Test Execution
2025-05-09 16:08:34.473 [main] INFO  com.umr.core.config.ConfigLoader - Configuration loaded successfully from: src/main/resources/config/framework.properties
2025-05-09 16:08:34.664 [main] INFO  com.umr - ExtentReports initialized: ./reports/TestReport_2025-05-09_16-08-34.html
2025-05-09 16:08:34.666 [main] INFO  com.umr - Getting active test cases from TestRunner
2025-05-09 16:08:35.303 [main] INFO  com.umr - Found 3 active test cases
2025-05-09 16:08:35.304 [main] INFO  com.umr - Found 3 active test(s)
2025-05-09 16:08:35.309 [main] INFO  com.umr - Loaded 7 keywords from DiceKeywords
2025-05-09 16:08:35.310 [main] INFO  com.umr - ======================================================
2025-05-09 16:08:35.310 [main] INFO  com.umr - STARTING TEST: TC001 - Dice Login Test
2025-05-09 16:08:35.310 [main] INFO  com.umr - ======================================================
2025-05-09 16:08:35.310 [main] INFO  com.umr - Created TestContext for test: TC001 - Dice Login Test
2025-05-09 16:08:35.317 [main] INFO  com.umr - Created test in report: Dice Login Test
2025-05-09 16:08:35.318 [main] INFO  com.umr - Getting test data for test: TC001
2025-05-09 16:08:35.368 [main] INFO  com.umr - Found test data for test ID: TC001
2025-05-09 16:08:35.378 [main] INFO  com.umr - Getting keywords for test: TC001
2025-05-09 16:08:35.399 [main] INFO  com.umr - Found 4 keywords for test ID: TC001
2025-05-09 16:08:35.399 [main] INFO  com.umr - Executing test with 4 keywords
2025-05-09 16:08:35.399 [main] INFO  com.umr - Executing keyword: OPEN_BROWSER
2025-05-09 16:08:35.399 [main] INFO  com.umr - Executing keyword: OPEN_BROWSER
2025-05-09 16:08:35.400 [main] INFO  com.umr - Executing OPEN_BROWSER keyword
2025-05-09 16:08:35.406 [main] INFO  com.umr - Initializing WebDriver for browser: chrome (headless: false)
2025-05-09 16:08:38.010 [main] INFO  com.umr - WebDriver initialized successfully
2025-05-09 16:08:38.010 [main] INFO  com.umr - Browser opened successfully
2025-05-09 16:08:38.011 [main] INFO  com.umr - Executing keyword: NAVIGATE_TO_DICE_LOGIN
2025-05-09 16:08:38.011 [main] INFO  com.umr - Executing keyword: NAVIGATE_TO_DICE_LOGIN
2025-05-09 16:08:38.011 [main] INFO  com.umr - Executing NAVIGATE_TO_DICE_LOGIN keyword
2025-05-09 16:08:38.534 [main] INFO  com.umr - Navigated to Dice login page: https://www.dice.com/dashboard/login
2025-05-09 16:08:39.214 [main] INFO  com.umr - Screenshot saved: ./screenshots\Dice_Login_Page_Initial_20250509_160838.png
2025-05-09 16:08:42.309 [main] INFO  com.umr - Login page detected with at least one matching element
2025-05-09 16:08:42.309 [main] INFO  com.umr - Dice login page loaded successfully
2025-05-09 16:08:42.420 [main] INFO  com.umr - Screenshot saved: ./screenshots\Dice_Login_Page_Verified_20250509_160842.png
2025-05-09 16:08:42.421 [main] INFO  com.umr - Executing keyword: LOGIN_TO_DICE
2025-05-09 16:08:42.421 [main] INFO  com.umr - Executing keyword: LOGIN_TO_DICE
2025-05-09 16:08:42.421 [main] INFO  com.umr - Executing LOGIN_TO_DICE keyword
2025-05-09 16:08:42.422 [main] INFO  com.umr - Performing login to Dice with email: zahidsdet@gmail.com
2025-05-09 16:08:42.535 [main] INFO  com.umr - Screenshot saved: ./screenshots\Before_Login_Attempt_20250509_160842.png
2025-05-09 16:08:42.536 [main] INFO  com.umr - Entering email: zahidsdet@gmail.com
2025-05-09 16:08:42.991 [main] INFO  com.umr - Screenshot saved: ./screenshots\After_Email_Entry_20250509_160842.png
2025-05-09 16:08:42.991 [main] INFO  com.umr - Clicking Continue button
2025-05-09 16:08:43.572 [main] INFO  com.umr - Password field is now visible
2025-05-09 16:08:43.698 [main] INFO  com.umr - Screenshot saved: ./screenshots\After_Continue_To_Password_20250509_160843.png
2025-05-09 16:08:43.698 [main] INFO  com.umr - Entering password
2025-05-09 16:08:44.092 [main] INFO  com.umr - Screenshot saved: ./screenshots\After_Password_Entry_20250509_160843.png
2025-05-09 16:08:44.093 [main] INFO  com.umr - Clicking Sign In button
2025-05-09 16:08:44.391 [main] INFO  com.umr - Screenshot saved: ./screenshots\After_Sign_In_Click_20250509_160844.png
2025-05-09 16:08:44.392 [main] INFO  com.umr - Successfully logged in to Dice
2025-05-09 16:08:44.525 [main] INFO  com.umr - Screenshot saved: ./screenshots\Login_Successful_20250509_160844.png
2025-05-09 16:08:55.468 [main] INFO  com.umr - Home page loaded successfully after login
2025-05-09 16:08:55.468 [main] INFO  com.umr - Executing keyword: CLOSE_BROWSER
2025-05-09 16:08:55.469 [main] INFO  com.umr - Executing keyword: CLOSE_BROWSER
2025-05-09 16:08:55.469 [main] INFO  com.umr - Executing CLOSE_BROWSER keyword
2025-05-09 16:08:55.469 [main] INFO  com.umr - Quitting WebDriver instance
2025-05-09 16:08:55.801 [main] INFO  com.umr - WebDriver instance has been quit
2025-05-09 16:08:55.802 [main] INFO  com.umr - Browser closed successfully
2025-05-09 16:08:55.802 [main] INFO  com.umr - ======================================================
2025-05-09 16:08:55.802 [main] INFO  com.umr - TEST COMPLETED: TC001 - Dice Login Test with result: PASS
2025-05-09 16:08:55.802 [main] INFO  com.umr - ======================================================
2025-05-09 16:08:55.802 [main] INFO  com.umr - WebDriver instance closed successfully
2025-05-09 16:08:55.802 [main] INFO  com.umr - Quitting WebDriver instance
2025-05-09 16:08:55.802 [main] INFO  com.umr - WebDriver instance has been quit
2025-05-09 16:08:55.802 [main] INFO  com.umr - WebDriver ThreadLocal storage has been reset
2025-05-09 16:08:55.803 [main] INFO  com.umr - ======================================================
2025-05-09 16:08:55.803 [main] INFO  com.umr - STARTING TEST: TC002 - Dice Profile Verification
2025-05-09 16:08:55.803 [main] INFO  com.umr - ======================================================
2025-05-09 16:08:55.803 [main] INFO  com.umr - Created TestContext for test: TC002 - Dice Profile Verification
2025-05-09 16:08:55.804 [main] INFO  com.umr - Created test in report: Dice Profile Verification
2025-05-09 16:08:55.804 [main] INFO  com.umr - Getting test data for test: TC002
2025-05-09 16:08:55.836 [main] INFO  com.umr - Found test data for test ID: TC002
2025-05-09 16:08:55.836 [main] INFO  com.umr - Getting keywords for test: TC002
2025-05-09 16:08:55.869 [main] INFO  com.umr - Found 5 keywords for test ID: TC002
2025-05-09 16:08:55.869 [main] INFO  com.umr - Executing test with 5 keywords
2025-05-09 16:08:55.870 [main] INFO  com.umr - Executing keyword: OPEN_BROWSER
2025-05-09 16:08:55.870 [main] INFO  com.umr - Executing keyword: OPEN_BROWSER
2025-05-09 16:08:55.870 [main] INFO  com.umr - Executing OPEN_BROWSER keyword
2025-05-09 16:08:55.870 [main] INFO  com.umr - Initializing WebDriver for browser: chrome (headless: false)
2025-05-09 16:08:56.981 [main] INFO  com.umr - WebDriver initialized successfully
2025-05-09 16:08:56.981 [main] INFO  com.umr - Browser opened successfully
2025-05-09 16:08:56.981 [main] INFO  com.umr - Executing keyword: NAVIGATE_TO_DICE_LOGIN
2025-05-09 16:08:56.981 [main] INFO  com.umr - Executing keyword: NAVIGATE_TO_DICE_LOGIN
2025-05-09 16:08:56.983 [main] INFO  com.umr - Executing NAVIGATE_TO_DICE_LOGIN keyword
2025-05-09 16:08:57.544 [main] INFO  com.umr - Navigated to Dice login page: https://www.dice.com/dashboard/login
2025-05-09 16:08:58.235 [main] INFO  com.umr - Screenshot saved: ./screenshots\Dice_Login_Page_Initial_20250509_160857.png
2025-05-09 16:09:01.289 [main] INFO  com.umr - Login page detected with at least one matching element
2025-05-09 16:09:01.290 [main] INFO  com.umr - Dice login page loaded successfully
2025-05-09 16:09:01.400 [main] INFO  com.umr - Screenshot saved: ./screenshots\Dice_Login_Page_Verified_20250509_160901.png
2025-05-09 16:09:01.400 [main] INFO  com.umr - Executing keyword: LOGIN_TO_DICE
2025-05-09 16:09:01.400 [main] INFO  com.umr - Executing keyword: LOGIN_TO_DICE
2025-05-09 16:09:01.400 [main] INFO  com.umr - Executing LOGIN_TO_DICE keyword
2025-05-09 16:09:01.401 [main] INFO  com.umr - Performing login to Dice with email: zahidsdet@gmail.com
2025-05-09 16:09:01.510 [main] INFO  com.umr - Screenshot saved: ./screenshots\Before_Login_Attempt_20250509_160901.png
2025-05-09 16:09:01.510 [main] INFO  com.umr - Entering email: zahidsdet@gmail.com
2025-05-09 16:09:01.896 [main] INFO  com.umr - Screenshot saved: ./screenshots\After_Email_Entry_20250509_160901.png
2025-05-09 16:09:01.896 [main] INFO  com.umr - Clicking Continue button
2025-05-09 16:09:02.524 [main] INFO  com.umr - Password field is now visible
2025-05-09 16:09:02.639 [main] INFO  com.umr - Screenshot saved: ./screenshots\After_Continue_To_Password_20250509_160902.png
2025-05-09 16:09:02.639 [main] INFO  com.umr - Entering password
2025-05-09 16:09:02.997 [main] INFO  com.umr - Screenshot saved: ./screenshots\After_Password_Entry_20250509_160902.png
2025-05-09 16:09:02.998 [main] INFO  com.umr - Clicking Sign In button
2025-05-09 16:09:03.285 [main] INFO  com.umr - Screenshot saved: ./screenshots\After_Sign_In_Click_20250509_160903.png
2025-05-09 16:09:03.285 [main] INFO  com.umr - Successfully logged in to Dice
2025-05-09 16:09:03.409 [main] INFO  com.umr - Screenshot saved: ./screenshots\Login_Successful_20250509_160903.png
2025-05-09 16:09:14.929 [main] INFO  com.umr - Home page loaded successfully after login
2025-05-09 16:09:14.929 [main] INFO  com.umr - Executing keyword: VERIFY_USER_PROFILE
2025-05-09 16:09:14.929 [main] INFO  com.umr - Executing keyword: VERIFY_USER_PROFILE
2025-05-09 16:09:14.930 [main] INFO  com.umr - Executing VERIFY_USER_PROFILE keyword
2025-05-09 16:09:15.070 [main] INFO  com.umr - Profile visibility displayed: true
2025-05-09 16:09:15.070 [main] INFO  com.umr - Profile completeness displayed: true
2025-05-09 16:09:15.070 [main] INFO  com.umr - User profile verification successful
2025-05-09 16:09:15.226 [main] INFO  com.umr - Screenshot saved: ./screenshots\Profile_Verification_Successful_20250509_160915.png
2025-05-09 16:09:15.227 [main] INFO  com.umr - Executing keyword: CLOSE_BROWSER
2025-05-09 16:09:15.227 [main] INFO  com.umr - Executing keyword: CLOSE_BROWSER
2025-05-09 16:09:15.227 [main] INFO  com.umr - Executing CLOSE_BROWSER keyword
2025-05-09 16:09:15.227 [main] INFO  com.umr - Quitting WebDriver instance
2025-05-09 16:09:15.540 [main] INFO  com.umr - WebDriver instance has been quit
2025-05-09 16:09:15.540 [main] INFO  com.umr - Browser closed successfully
2025-05-09 16:09:15.540 [main] INFO  com.umr - ======================================================
2025-05-09 16:09:15.541 [main] INFO  com.umr - TEST COMPLETED: TC002 - Dice Profile Verification with result: PASS
2025-05-09 16:09:15.541 [main] INFO  com.umr - ======================================================
2025-05-09 16:09:15.541 [main] INFO  com.umr - WebDriver instance closed successfully
2025-05-09 16:09:15.541 [main] INFO  com.umr - Quitting WebDriver instance
2025-05-09 16:09:15.541 [main] INFO  com.umr - WebDriver instance has been quit
2025-05-09 16:09:15.541 [main] INFO  com.umr - WebDriver ThreadLocal storage has been reset
2025-05-09 16:09:15.541 [main] INFO  com.umr - ======================================================
2025-05-09 16:09:15.542 [main] INFO  com.umr - STARTING TEST: TC003 - Dice Search Functionality
2025-05-09 16:09:15.542 [main] INFO  com.umr - ======================================================
2025-05-09 16:09:15.542 [main] INFO  com.umr - Created TestContext for test: TC003 - Dice Search Functionality
2025-05-09 16:09:15.544 [main] INFO  com.umr - Created test in report: Dice Search Functionality
2025-05-09 16:09:15.545 [main] INFO  com.umr - Getting test data for test: TC003
2025-05-09 16:09:15.570 [main] INFO  com.umr - Found test data for test ID: TC003
2025-05-09 16:09:15.571 [main] INFO  com.umr - Getting keywords for test: TC003
2025-05-09 16:09:15.603 [main] INFO  com.umr - Found 6 keywords for test ID: TC003
2025-05-09 16:09:15.605 [main] INFO  com.umr - Executing test with 6 keywords
2025-05-09 16:09:15.605 [main] INFO  com.umr - Executing keyword: OPEN_BROWSER
2025-05-09 16:09:15.605 [main] INFO  com.umr - Executing keyword: OPEN_BROWSER
2025-05-09 16:09:15.605 [main] INFO  com.umr - Executing OPEN_BROWSER keyword
2025-05-09 16:09:15.606 [main] INFO  com.umr - Initializing WebDriver for browser: chrome (headless: false)
2025-05-09 16:09:16.861 [main] INFO  com.umr - WebDriver initialized successfully
2025-05-09 16:09:16.861 [main] INFO  com.umr - Browser opened successfully
2025-05-09 16:09:16.862 [main] INFO  com.umr - Executing keyword: NAVIGATE_TO_DICE_LOGIN
2025-05-09 16:09:16.862 [main] INFO  com.umr - Executing keyword: NAVIGATE_TO_DICE_LOGIN
2025-05-09 16:09:16.862 [main] INFO  com.umr - Executing NAVIGATE_TO_DICE_LOGIN keyword
2025-05-09 16:09:17.447 [main] INFO  com.umr - Navigated to Dice login page: https://www.dice.com/dashboard/login
2025-05-09 16:09:18.149 [main] INFO  com.umr - Screenshot saved: ./screenshots\Dice_Login_Page_Initial_20250509_160917.png
2025-05-09 16:09:21.194 [main] INFO  com.umr - Login page detected with at least one matching element
2025-05-09 16:09:21.194 [main] INFO  com.umr - Dice login page loaded successfully
2025-05-09 16:09:21.307 [main] INFO  com.umr - Screenshot saved: ./screenshots\Dice_Login_Page_Verified_20250509_160921.png
2025-05-09 16:09:21.307 [main] INFO  com.umr - Executing keyword: LOGIN_TO_DICE
2025-05-09 16:09:21.307 [main] INFO  com.umr - Executing keyword: LOGIN_TO_DICE
2025-05-09 16:09:21.307 [main] INFO  com.umr - Executing LOGIN_TO_DICE keyword
2025-05-09 16:09:21.308 [main] INFO  com.umr - Performing login to Dice with email: zahidsdet@gmail.com
2025-05-09 16:09:21.423 [main] INFO  com.umr - Screenshot saved: ./screenshots\Before_Login_Attempt_20250509_160921.png
2025-05-09 16:09:21.423 [main] INFO  com.umr - Entering email: zahidsdet@gmail.com
2025-05-09 16:09:21.844 [main] INFO  com.umr - Screenshot saved: ./screenshots\After_Email_Entry_20250509_160921.png
2025-05-09 16:09:21.844 [main] INFO  com.umr - Clicking Continue button
2025-05-09 16:09:22.366 [main] INFO  com.umr - Password field is now visible
2025-05-09 16:09:22.486 [main] INFO  com.umr - Screenshot saved: ./screenshots\After_Continue_To_Password_20250509_160922.png
2025-05-09 16:09:22.488 [main] INFO  com.umr - Entering password
2025-05-09 16:09:22.867 [main] INFO  com.umr - Screenshot saved: ./screenshots\After_Password_Entry_20250509_160922.png
2025-05-09 16:09:22.867 [main] INFO  com.umr - Clicking Sign In button
2025-05-09 16:09:23.136 [main] INFO  com.umr - Screenshot saved: ./screenshots\After_Sign_In_Click_20250509_160923.png
2025-05-09 16:09:23.136 [main] INFO  com.umr - Successfully logged in to Dice
2025-05-09 16:09:23.261 [main] INFO  com.umr - Screenshot saved: ./screenshots\Login_Successful_20250509_160923.png
2025-05-09 16:09:33.823 [main] INFO  com.umr - Home page loaded successfully after login
2025-05-09 16:09:33.824 [main] INFO  com.umr - Executing keyword: SEARCH_JOBS
2025-05-09 16:09:33.824 [main] INFO  com.umr - Executing keyword: SEARCH_JOBS
2025-05-09 16:09:33.824 [main] INFO  com.umr - Executing SEARCH_JOBS keyword
2025-05-09 16:09:33.824 [main] INFO  com.umr - Searching for jobs with keyword: SDET
2025-05-09 16:09:38.730 [main] INFO  com.umr - Job search performed successfully for term: SDET
2025-05-09 16:09:38.898 [main] INFO  com.umr - Screenshot saved: ./screenshots\Search_Performed_20250509_160938.png
2025-05-09 16:09:38.954 [main] INFO  com.umr - Search results page loaded successfully
2025-05-09 16:09:38.954 [main] INFO  com.umr - Executing keyword: VERIFY_SEARCH_RESULTS
2025-05-09 16:09:38.954 [main] INFO  com.umr - Executing keyword: VERIFY_SEARCH_RESULTS
2025-05-09 16:09:38.954 [main] INFO  com.umr - Executing VERIFY_SEARCH_RESULTS keyword
2025-05-09 16:09:38.986 [main] INFO  com.umr - Results text: 172 results (18 new)
2025-05-09 16:09:38.986 [main] INFO  com.umr - Job search returned 172 results
2025-05-09 16:09:39.014 [main] INFO  com.umr - Results text: 172 results (18 new)
2025-05-09 16:09:39.014 [main] INFO  com.umr - Search results verification successful. Found 172 results.
2025-05-09 16:09:39.117 [main] INFO  com.umr - Screenshot saved: ./screenshots\Search_Results_Verified_20250509_160939.png
2025-05-09 16:09:39.118 [main] INFO  com.umr - Executing keyword: CLOSE_BROWSER
2025-05-09 16:09:39.118 [main] INFO  com.umr - Executing keyword: CLOSE_BROWSER
2025-05-09 16:09:39.118 [main] INFO  com.umr - Executing CLOSE_BROWSER keyword
2025-05-09 16:09:39.118 [main] INFO  com.umr - Quitting WebDriver instance
2025-05-09 16:09:39.427 [main] INFO  com.umr - WebDriver instance has been quit
2025-05-09 16:09:39.428 [main] INFO  com.umr - Browser closed successfully
2025-05-09 16:09:39.428 [main] INFO  com.umr - ======================================================
2025-05-09 16:09:39.428 [main] INFO  com.umr - TEST COMPLETED: TC003 - Dice Search Functionality with result: PASS
2025-05-09 16:09:39.428 [main] INFO  com.umr - ======================================================
2025-05-09 16:09:39.428 [main] INFO  com.umr - WebDriver instance closed successfully
2025-05-09 16:09:39.428 [main] INFO  com.umr - Quitting WebDriver instance
2025-05-09 16:09:39.428 [main] INFO  com.umr - WebDriver instance has been quit
2025-05-09 16:09:39.428 [main] INFO  com.umr - WebDriver ThreadLocal storage has been reset
2025-05-09 16:09:39.428 [main] INFO  com.umr - Test Execution Completed
2025-05-09 16:09:39.935 [main] INFO  com.umr - ExtentReports finalized and written to disk
2025-05-09 16:23:56.448 [main] INFO  com.umr - Starting Dice.com Test Execution
2025-05-09 16:23:56.450 [main] INFO  com.umr - Reports directory exists
2025-05-09 16:23:56.450 [main] INFO  com.umr - Screenshots directory exists
2025-05-09 16:23:56.451 [main] INFO  com.umr - Write permissions confirmed for reports directory
2025-05-09 16:23:56.452 [main] INFO  com.umr - Write permissions confirmed for screenshots directory
2025-05-09 16:23:56.467 [main] INFO  com.umr.core.config.ConfigLoader - Configuration loaded successfully from: src/main/resources/config/framework.properties
2025-05-09 16:23:56.570 [main] INFO  com.umr - Loaded custom report configuration
2025-05-09 16:23:56.703 [main] INFO  com.umr - ExtentReports initialized: ./reports/TestReport_2025-05-09_16-23-56.html
2025-05-09 16:23:56.705 [main] INFO  com.umr - Getting active test cases from TestRunner
2025-05-09 16:23:57.305 [main] INFO  com.umr - Found 3 active test cases
2025-05-09 16:23:57.305 [main] INFO  com.umr - Found 3 active test(s)
2025-05-09 16:23:57.311 [main] INFO  com.umr - Loaded 7 keywords from DiceKeywords
2025-05-09 16:23:57.312 [main] INFO  com.umr - ======================================================
2025-05-09 16:23:57.312 [main] INFO  com.umr - STARTING TEST: TC001 - Dice Login Test
2025-05-09 16:23:57.312 [main] INFO  com.umr - ======================================================
2025-05-09 16:23:57.312 [main] INFO  com.umr - Created TestContext for test: TC001 - Dice Login Test
2025-05-09 16:23:57.322 [main] INFO  com.umr - Created test in report: Dice Login Test
2025-05-09 16:23:57.323 [main] INFO  com.umr - Getting test data for test: TC001
2025-05-09 16:23:57.368 [main] INFO  com.umr - Found test data for test ID: TC001
2025-05-09 16:23:57.374 [main] INFO  com.umr - Getting keywords for test: TC001
2025-05-09 16:23:57.397 [main] INFO  com.umr - Found 4 keywords for test ID: TC001
2025-05-09 16:23:57.398 [main] INFO  com.umr - Executing test with 4 keywords
2025-05-09 16:23:57.398 [main] INFO  com.umr - Executing keyword: OPEN_BROWSER
2025-05-09 16:23:57.398 [main] INFO  com.umr - Executing keyword: OPEN_BROWSER
2025-05-09 16:23:57.398 [main] INFO  com.umr - Executing OPEN_BROWSER keyword
2025-05-09 16:23:57.404 [main] INFO  com.umr - Initializing WebDriver for browser: chrome (headless: false)
2025-05-09 16:23:59.653 [main] INFO  com.umr - WebDriver initialized successfully
2025-05-09 16:23:59.653 [main] INFO  com.umr - Browser opened successfully
2025-05-09 16:23:59.653 [main] INFO  com.umr - Executing keyword: NAVIGATE_TO_DICE_LOGIN
2025-05-09 16:23:59.653 [main] INFO  com.umr - Executing keyword: NAVIGATE_TO_DICE_LOGIN
2025-05-09 16:23:59.654 [main] INFO  com.umr - Executing NAVIGATE_TO_DICE_LOGIN keyword
2025-05-09 16:24:00.234 [main] INFO  com.umr - Navigated to Dice login page: https://www.dice.com/dashboard/login
2025-05-09 16:24:01.032 [main] INFO  com.umr - Direct screenshot saved: ./screenshots/Direct_Screenshot_20250509_162400.png
2025-05-09 16:24:01.034 [main] INFO  com.umr - Screenshot attached to report directly
2025-05-09 16:24:01.136 [main] INFO  com.umr - Screenshot saved: ./screenshots\Standard_Dice_Login_Page_20250509_162401.png
2025-05-09 16:24:01.137 [main] INFO  com.umr - Standard screenshot saved: ./screenshots\Standard_Dice_Login_Page_20250509_162401.png
2025-05-09 16:24:01.137 [main] INFO  com.umr - Attaching screenshot to report: ./screenshots\Standard_Dice_Login_Page_20250509_162401.png
2025-05-09 16:24:04.230 [main] INFO  com.umr - Login page detected with at least one matching element
2025-05-09 16:24:04.231 [main] INFO  com.umr - Dice login page loaded successfully
2025-05-09 16:24:04.354 [main] INFO  com.umr - Screenshot saved: ./screenshots\Verified_Dice_Login_Page_20250509_162404.png
2025-05-09 16:24:04.354 [main] INFO  com.umr - Attaching screenshot to report: ./screenshots\Verified_Dice_Login_Page_20250509_162404.png
2025-05-09 16:24:04.355 [main] INFO  com.umr - Executing keyword: LOGIN_TO_DICE
2025-05-09 16:24:04.355 [main] INFO  com.umr - Executing keyword: LOGIN_TO_DICE
2025-05-09 16:24:04.355 [main] INFO  com.umr - Executing LOGIN_TO_DICE keyword
2025-05-09 16:24:04.355 [main] INFO  com.umr - Performing login to Dice with email: zahidsdet@gmail.com
2025-05-09 16:24:04.508 [main] INFO  com.umr - Screenshot saved: ./screenshots\Before_Login_Attempt_20250509_162404.png
2025-05-09 16:24:04.509 [main] INFO  com.umr - Entering email: zahidsdet@gmail.com
2025-05-09 16:24:04.939 [main] INFO  com.umr - Screenshot saved: ./screenshots\After_Email_Entry_20250509_162404.png
2025-05-09 16:24:04.939 [main] INFO  com.umr - Clicking Continue button
2025-05-09 16:24:05.497 [main] INFO  com.umr - Password field is now visible
2025-05-09 16:24:05.601 [main] INFO  com.umr - Screenshot saved: ./screenshots\After_Continue_To_Password_20250509_162405.png
2025-05-09 16:24:05.601 [main] INFO  com.umr - Entering password
2025-05-09 16:24:05.998 [main] INFO  com.umr - Screenshot saved: ./screenshots\After_Password_Entry_20250509_162405.png
2025-05-09 16:24:05.998 [main] INFO  com.umr - Clicking Sign In button
2025-05-09 16:24:06.293 [main] INFO  com.umr - Screenshot saved: ./screenshots\After_Sign_In_Click_20250509_162406.png
2025-05-09 16:24:06.293 [main] INFO  com.umr - Successfully logged in to Dice
2025-05-09 16:24:06.433 [main] INFO  com.umr - Screenshot saved: ./screenshots\Login_Successful_20250509_162406.png
2025-05-09 16:24:06.433 [main] INFO  com.umr - Attaching screenshot to report: ./screenshots\Login_Successful_20250509_162406.png
2025-05-09 16:24:18.484 [main] INFO  com.umr - Home page loaded successfully after login
2025-05-09 16:24:18.484 [main] INFO  com.umr - Executing keyword: CLOSE_BROWSER
2025-05-09 16:24:18.485 [main] INFO  com.umr - Executing keyword: CLOSE_BROWSER
2025-05-09 16:24:18.485 [main] INFO  com.umr - Executing CLOSE_BROWSER keyword
2025-05-09 16:24:18.485 [main] INFO  com.umr - Quitting WebDriver instance
2025-05-09 16:24:18.804 [main] INFO  com.umr - WebDriver instance has been quit
2025-05-09 16:24:18.804 [main] INFO  com.umr - Browser closed successfully
2025-05-09 16:24:18.805 [main] INFO  com.umr - ======================================================
2025-05-09 16:24:18.805 [main] INFO  com.umr - TEST COMPLETED: TC001 - Dice Login Test with result: PASS
2025-05-09 16:24:18.805 [main] INFO  com.umr - ======================================================
2025-05-09 16:24:18.805 [main] INFO  com.umr - WebDriver instance closed successfully
2025-05-09 16:24:18.805 [main] INFO  com.umr - Quitting WebDriver instance
2025-05-09 16:24:18.805 [main] INFO  com.umr - WebDriver instance has been quit
2025-05-09 16:24:18.805 [main] INFO  com.umr - WebDriver ThreadLocal storage has been reset
2025-05-09 16:24:18.805 [main] INFO  com.umr - ======================================================
2025-05-09 16:24:18.805 [main] INFO  com.umr - STARTING TEST: TC002 - Dice Profile Verification
2025-05-09 16:24:18.805 [main] INFO  com.umr - ======================================================
2025-05-09 16:24:18.805 [main] INFO  com.umr - Created TestContext for test: TC002 - Dice Profile Verification
2025-05-09 16:24:18.806 [main] INFO  com.umr - Created test in report: Dice Profile Verification
2025-05-09 16:24:18.806 [main] INFO  com.umr - Getting test data for test: TC002
2025-05-09 16:24:18.835 [main] INFO  com.umr - Found test data for test ID: TC002
2025-05-09 16:24:18.835 [main] INFO  com.umr - Getting keywords for test: TC002
2025-05-09 16:24:18.862 [main] INFO  com.umr - Found 5 keywords for test ID: TC002
2025-05-09 16:24:18.862 [main] INFO  com.umr - Executing test with 5 keywords
2025-05-09 16:24:18.862 [main] INFO  com.umr - Executing keyword: OPEN_BROWSER
2025-05-09 16:24:18.863 [main] INFO  com.umr - Executing keyword: OPEN_BROWSER
2025-05-09 16:24:18.863 [main] INFO  com.umr - Executing OPEN_BROWSER keyword
2025-05-09 16:24:18.863 [main] INFO  com.umr - Initializing WebDriver for browser: chrome (headless: false)
2025-05-09 16:24:20.029 [main] INFO  com.umr - WebDriver initialized successfully
2025-05-09 16:24:20.030 [main] INFO  com.umr - Browser opened successfully
2025-05-09 16:24:20.030 [main] INFO  com.umr - Executing keyword: NAVIGATE_TO_DICE_LOGIN
2025-05-09 16:24:20.031 [main] INFO  com.umr - Executing keyword: NAVIGATE_TO_DICE_LOGIN
2025-05-09 16:24:20.031 [main] INFO  com.umr - Executing NAVIGATE_TO_DICE_LOGIN keyword
2025-05-09 16:24:20.703 [main] INFO  com.umr - Navigated to Dice login page: https://www.dice.com/dashboard/login
2025-05-09 16:24:21.365 [main] INFO  com.umr - Direct screenshot saved: ./screenshots/Direct_Screenshot_20250509_162421.png
2025-05-09 16:24:21.365 [main] INFO  com.umr - Screenshot attached to report directly
2025-05-09 16:24:21.566 [main] INFO  com.umr - Screenshot saved: ./screenshots\Standard_Dice_Login_Page_20250509_162421.png
2025-05-09 16:24:21.566 [main] INFO  com.umr - Standard screenshot saved: ./screenshots\Standard_Dice_Login_Page_20250509_162421.png
2025-05-09 16:24:21.567 [main] INFO  com.umr - Attaching screenshot to report: ./screenshots\Standard_Dice_Login_Page_20250509_162421.png
2025-05-09 16:24:24.630 [main] INFO  com.umr - Login page detected with at least one matching element
2025-05-09 16:24:24.630 [main] INFO  com.umr - Dice login page loaded successfully
2025-05-09 16:24:24.732 [main] INFO  com.umr - Screenshot saved: ./screenshots\Verified_Dice_Login_Page_20250509_162424.png
2025-05-09 16:24:24.732 [main] INFO  com.umr - Attaching screenshot to report: ./screenshots\Verified_Dice_Login_Page_20250509_162424.png
2025-05-09 16:24:24.733 [main] INFO  com.umr - Executing keyword: LOGIN_TO_DICE
2025-05-09 16:24:24.733 [main] INFO  com.umr - Executing keyword: LOGIN_TO_DICE
2025-05-09 16:24:24.733 [main] INFO  com.umr - Executing LOGIN_TO_DICE keyword
2025-05-09 16:24:24.733 [main] INFO  com.umr - Performing login to Dice with email: zahidsdet@gmail.com
2025-05-09 16:24:24.860 [main] INFO  com.umr - Screenshot saved: ./screenshots\Before_Login_Attempt_20250509_162424.png
2025-05-09 16:24:24.860 [main] INFO  com.umr - Entering email: zahidsdet@gmail.com
2025-05-09 16:24:25.305 [main] INFO  com.umr - Screenshot saved: ./screenshots\After_Email_Entry_20250509_162425.png
2025-05-09 16:24:25.305 [main] INFO  com.umr - Clicking Continue button
2025-05-09 16:24:25.818 [main] INFO  com.umr - Password field is now visible
2025-05-09 16:24:25.921 [main] INFO  com.umr - Screenshot saved: ./screenshots\After_Continue_To_Password_20250509_162425.png
2025-05-09 16:24:25.921 [main] INFO  com.umr - Entering password
2025-05-09 16:24:26.287 [main] INFO  com.umr - Screenshot saved: ./screenshots\After_Password_Entry_20250509_162426.png
2025-05-09 16:24:26.287 [main] INFO  com.umr - Clicking Sign In button
2025-05-09 16:24:26.587 [main] INFO  com.umr - Screenshot saved: ./screenshots\After_Sign_In_Click_20250509_162426.png
2025-05-09 16:24:26.587 [main] INFO  com.umr - Successfully logged in to Dice
2025-05-09 16:24:26.716 [main] INFO  com.umr - Screenshot saved: ./screenshots\Login_Successful_20250509_162426.png
2025-05-09 16:24:26.717 [main] INFO  com.umr - Attaching screenshot to report: ./screenshots\Login_Successful_20250509_162426.png
2025-05-09 16:24:38.345 [main] INFO  com.umr - Home page loaded successfully after login
2025-05-09 16:24:38.346 [main] INFO  com.umr - Executing keyword: VERIFY_USER_PROFILE
2025-05-09 16:24:38.348 [main] INFO  com.umr - Executing keyword: VERIFY_USER_PROFILE
2025-05-09 16:24:38.348 [main] INFO  com.umr - Executing VERIFY_USER_PROFILE keyword
2025-05-09 16:24:38.462 [main] INFO  com.umr - Profile visibility displayed: true
2025-05-09 16:24:38.463 [main] INFO  com.umr - Profile completeness displayed: true
2025-05-09 16:24:38.463 [main] INFO  com.umr - User profile verification successful
2025-05-09 16:24:38.604 [main] INFO  com.umr - Screenshot saved: ./screenshots\Profile_Verification_Successful_20250509_162438.png
2025-05-09 16:24:38.604 [main] INFO  com.umr - Attaching screenshot to report: ./screenshots\Profile_Verification_Successful_20250509_162438.png
2025-05-09 16:24:38.605 [main] INFO  com.umr - Executing keyword: CLOSE_BROWSER
2025-05-09 16:24:38.605 [main] INFO  com.umr - Executing keyword: CLOSE_BROWSER
2025-05-09 16:24:38.605 [main] INFO  com.umr - Executing CLOSE_BROWSER keyword
2025-05-09 16:24:38.605 [main] INFO  com.umr - Quitting WebDriver instance
2025-05-09 16:24:38.872 [main] INFO  com.umr - WebDriver instance has been quit
2025-05-09 16:24:38.872 [main] INFO  com.umr - Browser closed successfully
2025-05-09 16:24:38.872 [main] INFO  com.umr - ======================================================
2025-05-09 16:24:38.873 [main] INFO  com.umr - TEST COMPLETED: TC002 - Dice Profile Verification with result: PASS
2025-05-09 16:24:38.873 [main] INFO  com.umr - ======================================================
2025-05-09 16:24:38.873 [main] INFO  com.umr - WebDriver instance closed successfully
2025-05-09 16:24:38.873 [main] INFO  com.umr - Quitting WebDriver instance
2025-05-09 16:24:38.873 [main] INFO  com.umr - WebDriver instance has been quit
2025-05-09 16:24:38.873 [main] INFO  com.umr - WebDriver ThreadLocal storage has been reset
2025-05-09 16:24:38.873 [main] INFO  com.umr - ======================================================
2025-05-09 16:24:38.873 [main] INFO  com.umr - STARTING TEST: TC003 - Dice Search Functionality
2025-05-09 16:24:38.873 [main] INFO  com.umr - ======================================================
2025-05-09 16:24:38.874 [main] INFO  com.umr - Created TestContext for test: TC003 - Dice Search Functionality
2025-05-09 16:24:38.874 [main] INFO  com.umr - Created test in report: Dice Search Functionality
2025-05-09 16:24:38.874 [main] INFO  com.umr - Getting test data for test: TC003
2025-05-09 16:24:38.907 [main] INFO  com.umr - Found test data for test ID: TC003
2025-05-09 16:24:38.907 [main] INFO  com.umr - Getting keywords for test: TC003
2025-05-09 16:24:38.933 [main] INFO  com.umr - Found 6 keywords for test ID: TC003
2025-05-09 16:24:38.934 [main] INFO  com.umr - Executing test with 6 keywords
2025-05-09 16:24:38.934 [main] INFO  com.umr - Executing keyword: OPEN_BROWSER
2025-05-09 16:24:38.934 [main] INFO  com.umr - Executing keyword: OPEN_BROWSER
2025-05-09 16:24:38.934 [main] INFO  com.umr - Executing OPEN_BROWSER keyword
2025-05-09 16:24:38.934 [main] INFO  com.umr - Initializing WebDriver for browser: chrome (headless: false)
2025-05-09 16:24:40.135 [main] INFO  com.umr - WebDriver initialized successfully
2025-05-09 16:24:40.136 [main] INFO  com.umr - Browser opened successfully
2025-05-09 16:24:40.138 [main] INFO  com.umr - Executing keyword: NAVIGATE_TO_DICE_LOGIN
2025-05-09 16:24:40.139 [main] INFO  com.umr - Executing keyword: NAVIGATE_TO_DICE_LOGIN
2025-05-09 16:24:40.139 [main] INFO  com.umr - Executing NAVIGATE_TO_DICE_LOGIN keyword
2025-05-09 16:24:40.667 [main] INFO  com.umr - Navigated to Dice login page: https://www.dice.com/dashboard/login
2025-05-09 16:24:41.334 [main] INFO  com.umr - Direct screenshot saved: ./screenshots/Direct_Screenshot_20250509_162440.png
2025-05-09 16:24:41.334 [main] INFO  com.umr - Screenshot attached to report directly
2025-05-09 16:24:41.536 [main] INFO  com.umr - Screenshot saved: ./screenshots\Standard_Dice_Login_Page_20250509_162441.png
2025-05-09 16:24:41.536 [main] INFO  com.umr - Standard screenshot saved: ./screenshots\Standard_Dice_Login_Page_20250509_162441.png
2025-05-09 16:24:41.536 [main] INFO  com.umr - Attaching screenshot to report: ./screenshots\Standard_Dice_Login_Page_20250509_162441.png
2025-05-09 16:24:44.580 [main] INFO  com.umr - Login page detected with at least one matching element
2025-05-09 16:24:44.580 [main] INFO  com.umr - Dice login page loaded successfully
2025-05-09 16:24:44.687 [main] INFO  com.umr - Screenshot saved: ./screenshots\Verified_Dice_Login_Page_20250509_162444.png
2025-05-09 16:24:44.688 [main] INFO  com.umr - Attaching screenshot to report: ./screenshots\Verified_Dice_Login_Page_20250509_162444.png
2025-05-09 16:24:44.688 [main] INFO  com.umr - Executing keyword: LOGIN_TO_DICE
2025-05-09 16:24:44.688 [main] INFO  com.umr - Executing keyword: LOGIN_TO_DICE
2025-05-09 16:24:44.688 [main] INFO  com.umr - Executing LOGIN_TO_DICE keyword
2025-05-09 16:24:44.688 [main] INFO  com.umr - Performing login to Dice with email: zahidsdet@gmail.com
2025-05-09 16:24:44.800 [main] INFO  com.umr - Screenshot saved: ./screenshots\Before_Login_Attempt_20250509_162444.png
2025-05-09 16:24:44.800 [main] INFO  com.umr - Entering email: zahidsdet@gmail.com
2025-05-09 16:24:45.212 [main] INFO  com.umr - Screenshot saved: ./screenshots\After_Email_Entry_20250509_162445.png
2025-05-09 16:24:45.212 [main] INFO  com.umr - Clicking Continue button
2025-05-09 16:24:45.778 [main] INFO  com.umr - Password field is now visible
2025-05-09 16:24:45.886 [main] INFO  com.umr - Screenshot saved: ./screenshots\After_Continue_To_Password_20250509_162445.png
2025-05-09 16:24:45.886 [main] INFO  com.umr - Entering password
2025-05-09 16:24:46.205 [main] INFO  com.umr - Screenshot saved: ./screenshots\After_Password_Entry_20250509_162446.png
2025-05-09 16:24:46.205 [main] INFO  com.umr - Clicking Sign In button
2025-05-09 16:24:46.506 [main] INFO  com.umr - Screenshot saved: ./screenshots\After_Sign_In_Click_20250509_162446.png
2025-05-09 16:24:46.507 [main] INFO  com.umr - Successfully logged in to Dice
2025-05-09 16:24:46.634 [main] INFO  com.umr - Screenshot saved: ./screenshots\Login_Successful_20250509_162446.png
2025-05-09 16:24:46.634 [main] INFO  com.umr - Attaching screenshot to report: ./screenshots\Login_Successful_20250509_162446.png
2025-05-09 16:24:58.189 [main] INFO  com.umr - Home page loaded successfully after login
2025-05-09 16:24:58.190 [main] INFO  com.umr - Executing keyword: SEARCH_JOBS
2025-05-09 16:24:58.190 [main] INFO  com.umr - Executing keyword: SEARCH_JOBS
2025-05-09 16:24:58.190 [main] INFO  com.umr - Executing SEARCH_JOBS keyword
2025-05-09 16:24:58.191 [main] INFO  com.umr - Searching for jobs with keyword: SDET
2025-05-09 16:25:02.374 [main] INFO  com.umr - Job search performed successfully for term: SDET
2025-05-09 16:25:02.476 [main] INFO  com.umr - Screenshot saved: ./screenshots\Search_Performed_20250509_162502.png
2025-05-09 16:25:02.477 [main] INFO  com.umr - Attaching screenshot to report: ./screenshots\Search_Performed_20250509_162502.png
2025-05-09 16:25:02.516 [main] INFO  com.umr - Search results page loaded successfully
2025-05-09 16:25:02.516 [main] INFO  com.umr - Executing keyword: VERIFY_SEARCH_RESULTS
2025-05-09 16:25:02.516 [main] INFO  com.umr - Executing keyword: VERIFY_SEARCH_RESULTS
2025-05-09 16:25:02.517 [main] INFO  com.umr - Executing VERIFY_SEARCH_RESULTS keyword
2025-05-09 16:25:02.548 [main] INFO  com.umr - Results text: 173 results (18 new)
2025-05-09 16:25:02.548 [main] INFO  com.umr - Job search returned 173 results
2025-05-09 16:25:02.575 [main] INFO  com.umr - Results text: 173 results (18 new)
2025-05-09 16:25:02.575 [main] INFO  com.umr - Search results verification successful. Found 173 results.
2025-05-09 16:25:02.687 [main] INFO  com.umr - Screenshot saved: ./screenshots\Search_Results_Verified_20250509_162502.png
2025-05-09 16:25:02.687 [main] INFO  com.umr - Attaching screenshot to report: ./screenshots\Search_Results_Verified_20250509_162502.png
2025-05-09 16:25:02.687 [main] INFO  com.umr - Executing keyword: CLOSE_BROWSER
2025-05-09 16:25:02.687 [main] INFO  com.umr - Executing keyword: CLOSE_BROWSER
2025-05-09 16:25:02.687 [main] INFO  com.umr - Executing CLOSE_BROWSER keyword
2025-05-09 16:25:02.688 [main] INFO  com.umr - Quitting WebDriver instance
2025-05-09 16:25:03.008 [main] INFO  com.umr - WebDriver instance has been quit
2025-05-09 16:25:03.009 [main] INFO  com.umr - Browser closed successfully
2025-05-09 16:25:03.009 [main] INFO  com.umr - ======================================================
2025-05-09 16:25:03.009 [main] INFO  com.umr - TEST COMPLETED: TC003 - Dice Search Functionality with result: PASS
2025-05-09 16:25:03.009 [main] INFO  com.umr - ======================================================
2025-05-09 16:25:03.009 [main] INFO  com.umr - WebDriver instance closed successfully
2025-05-09 16:25:03.009 [main] INFO  com.umr - Quitting WebDriver instance
2025-05-09 16:25:03.009 [main] INFO  com.umr - WebDriver instance has been quit
2025-05-09 16:25:03.009 [main] INFO  com.umr - WebDriver ThreadLocal storage has been reset
2025-05-09 16:25:03.009 [main] INFO  com.umr - Test Execution Completed
2025-05-09 16:25:03.467 [main] INFO  com.umr - ExtentReports finalized and written to disk
2025-05-09 16:25:03.468 [main] INFO  com.umr - Report has been finalized and should be available at: ./reports/
2025-05-09 17:33:49.664 [main] INFO  com.umr - Starting Dice.com Test Execution
2025-05-09 17:33:49.676 [main] INFO  com.umr.core.config.ConfigLoader - Configuration loaded successfully from: src/main/resources/config/framework.properties
2025-05-09 17:33:49.681 [main] INFO  com.umr.core.config.ConfigLoader - Created screenshots directory: ./reports/screenshots
2025-05-09 17:33:49.851 [main] INFO  com.umr - ExtentReports initialized: ./reports\TestReport_2025-05-09_17-33-49.html
2025-05-09 17:33:49.854 [main] INFO  com.umr - Getting active test cases from TestRunner
2025-05-09 17:33:50.450 [main] INFO  com.umr - Found 3 active test cases
2025-05-09 17:33:50.451 [main] INFO  com.umr - Found 3 active test(s)
2025-05-09 17:33:50.458 [main] INFO  com.umr - Loaded 7 keywords from DiceKeywords
2025-05-09 17:33:50.460 [main] INFO  com.umr - ======================================================
2025-05-09 17:33:50.460 [main] INFO  com.umr - STARTING TEST: TC001 - Dice Login Test
2025-05-09 17:33:50.460 [main] INFO  com.umr - ======================================================
2025-05-09 17:33:50.460 [main] INFO  com.umr - Created TestContext for test: TC001 - Dice Login Test
2025-05-09 17:33:50.475 [main] INFO  com.umr - Created test in report: Dice Login Test
2025-05-09 17:33:50.475 [main] INFO  com.umr - Getting test data for test: TC001
2025-05-09 17:33:50.523 [main] INFO  com.umr - Found test data for test ID: TC001
2025-05-09 17:33:50.530 [main] INFO  com.umr - Getting keywords for test: TC001
2025-05-09 17:33:50.551 [main] INFO  com.umr - Found 4 keywords for test ID: TC001
2025-05-09 17:33:50.552 [main] INFO  com.umr - Executing test with 4 keywords
2025-05-09 17:33:50.552 [main] INFO  com.umr - Executing keyword: OPEN_BROWSER
2025-05-09 17:33:50.552 [main] INFO  com.umr - Executing keyword: OPEN_BROWSER
2025-05-09 17:33:50.552 [main] INFO  com.umr - Executing OPEN_BROWSER keyword
2025-05-09 17:33:50.558 [main] INFO  com.umr - Initializing WebDriver for browser: chrome (headless: false)
2025-05-09 17:33:52.977 [main] INFO  com.umr - WebDriver initialized successfully
2025-05-09 17:33:52.978 [main] INFO  com.umr - Browser opened successfully
2025-05-09 17:33:52.979 [main] INFO  com.umr - Executing keyword: NAVIGATE_TO_DICE_LOGIN
2025-05-09 17:33:52.980 [main] INFO  com.umr - Executing keyword: NAVIGATE_TO_DICE_LOGIN
2025-05-09 17:33:52.980 [main] INFO  com.umr - Executing NAVIGATE_TO_DICE_LOGIN keyword
2025-05-09 17:33:53.510 [main] INFO  com.umr - Navigated to Dice login page: https://www.dice.com/dashboard/login
2025-05-09 17:33:54.187 [main] INFO  com.umr - Screenshot saved: ./reports/screenshots\Dice_Login_Page_Initial_20250509_173353.png
2025-05-09 17:33:54.187 [main] INFO  com.umr - Attaching screenshot to report: ./reports/screenshots\Dice_Login_Page_Initial_20250509_173353.png
2025-05-09 17:33:54.188 [main] INFO  com.umr - Screenshot attached to report with path: screenshots/Dice_Login_Page_Initial_20250509_173353.png
2025-05-09 17:33:57.261 [main] INFO  com.umr - Login page detected with at least one matching element
2025-05-09 17:33:57.261 [main] INFO  com.umr - Dice login page loaded successfully
2025-05-09 17:33:57.370 [main] INFO  com.umr - Screenshot saved: ./reports/screenshots\Verified_Dice_Login_Page_20250509_173357.png
2025-05-09 17:33:57.370 [main] INFO  com.umr - Attaching screenshot to report: ./reports/screenshots\Verified_Dice_Login_Page_20250509_173357.png
2025-05-09 17:33:57.370 [main] INFO  com.umr - Screenshot attached to report with path: screenshots/Verified_Dice_Login_Page_20250509_173357.png
2025-05-09 17:33:57.371 [main] INFO  com.umr - Executing keyword: LOGIN_TO_DICE
2025-05-09 17:33:57.371 [main] INFO  com.umr - Executing keyword: LOGIN_TO_DICE
2025-05-09 17:33:57.371 [main] INFO  com.umr - Executing LOGIN_TO_DICE keyword
2025-05-09 17:33:57.371 [main] INFO  com.umr - Performing login to Dice with email: zahidsdet@gmail.com
2025-05-09 17:33:57.479 [main] INFO  com.umr - Screenshot saved: ./reports/screenshots\Before_Login_Attempt_20250509_173357.png
2025-05-09 17:33:57.479 [main] INFO  com.umr - Entering email: zahidsdet@gmail.com
2025-05-09 17:33:57.912 [main] INFO  com.umr - Screenshot saved: ./reports/screenshots\After_Email_Entry_20250509_173357.png
2025-05-09 17:33:57.913 [main] INFO  com.umr - Clicking Continue button
2025-05-09 17:33:58.428 [main] INFO  com.umr - Password field is now visible
2025-05-09 17:33:58.543 [main] INFO  com.umr - Screenshot saved: ./reports/screenshots\After_Continue_To_Password_20250509_173358.png
2025-05-09 17:33:58.543 [main] INFO  com.umr - Entering password
2025-05-09 17:33:58.893 [main] INFO  com.umr - Screenshot saved: ./reports/screenshots\After_Password_Entry_20250509_173358.png
2025-05-09 17:33:58.893 [main] INFO  com.umr - Clicking Sign In button
2025-05-09 17:33:59.203 [main] INFO  com.umr - Screenshot saved: ./reports/screenshots\After_Sign_In_Click_20250509_173359.png
2025-05-09 17:33:59.203 [main] INFO  com.umr - Successfully logged in to Dice
2025-05-09 17:33:59.346 [main] INFO  com.umr - Screenshot saved: ./reports/screenshots\Login_Successful_20250509_173359.png
2025-05-09 17:33:59.346 [main] INFO  com.umr - Attaching screenshot to report: ./reports/screenshots\Login_Successful_20250509_173359.png
2025-05-09 17:33:59.346 [main] INFO  com.umr - Screenshot attached to report with path: screenshots/Login_Successful_20250509_173359.png
2025-05-09 17:34:11.686 [main] INFO  com.umr - Home page loaded successfully after login
2025-05-09 17:34:11.686 [main] INFO  com.umr - Executing keyword: CLOSE_BROWSER
2025-05-09 17:34:11.687 [main] INFO  com.umr - Executing keyword: CLOSE_BROWSER
2025-05-09 17:34:11.687 [main] INFO  com.umr - Executing CLOSE_BROWSER keyword
2025-05-09 17:34:11.687 [main] INFO  com.umr - Quitting WebDriver instance
2025-05-09 17:34:11.952 [main] INFO  com.umr - WebDriver instance has been quit
2025-05-09 17:34:11.952 [main] INFO  com.umr - Browser closed successfully
2025-05-09 17:34:11.953 [main] INFO  com.umr - ======================================================
2025-05-09 17:34:11.953 [main] INFO  com.umr - TEST COMPLETED: TC001 - Dice Login Test with result: PASS
2025-05-09 17:34:11.953 [main] INFO  com.umr - ======================================================
2025-05-09 17:34:11.954 [main] INFO  com.umr - WebDriver instance closed successfully
2025-05-09 17:34:11.954 [main] INFO  com.umr - Quitting WebDriver instance
2025-05-09 17:34:11.954 [main] INFO  com.umr - WebDriver instance has been quit
2025-05-09 17:34:11.954 [main] INFO  com.umr - WebDriver ThreadLocal storage has been reset
2025-05-09 17:34:11.954 [main] INFO  com.umr - ======================================================
2025-05-09 17:34:11.954 [main] INFO  com.umr - STARTING TEST: TC002 - Dice Profile Verification
2025-05-09 17:34:11.954 [main] INFO  com.umr - ======================================================
2025-05-09 17:34:11.954 [main] INFO  com.umr - Created TestContext for test: TC002 - Dice Profile Verification
2025-05-09 17:34:11.955 [main] INFO  com.umr - Created test in report: Dice Profile Verification
2025-05-09 17:34:11.955 [main] INFO  com.umr - Getting test data for test: TC002
2025-05-09 17:34:11.984 [main] INFO  com.umr - Found test data for test ID: TC002
2025-05-09 17:34:11.985 [main] INFO  com.umr - Getting keywords for test: TC002
2025-05-09 17:34:12.005 [main] INFO  com.umr - Found 5 keywords for test ID: TC002
2025-05-09 17:34:12.006 [main] INFO  com.umr - Executing test with 5 keywords
2025-05-09 17:34:12.006 [main] INFO  com.umr - Executing keyword: OPEN_BROWSER
2025-05-09 17:34:12.006 [main] INFO  com.umr - Executing keyword: OPEN_BROWSER
2025-05-09 17:34:12.006 [main] INFO  com.umr - Executing OPEN_BROWSER keyword
2025-05-09 17:34:12.006 [main] INFO  com.umr - Initializing WebDriver for browser: chrome (headless: false)
2025-05-09 17:34:13.019 [main] INFO  com.umr - WebDriver initialized successfully
2025-05-09 17:34:13.019 [main] INFO  com.umr - Browser opened successfully
2025-05-09 17:34:13.019 [main] INFO  com.umr - Executing keyword: NAVIGATE_TO_DICE_LOGIN
2025-05-09 17:34:13.019 [main] INFO  com.umr - Executing keyword: NAVIGATE_TO_DICE_LOGIN
2025-05-09 17:34:13.019 [main] INFO  com.umr - Executing NAVIGATE_TO_DICE_LOGIN keyword
2025-05-09 17:34:13.452 [main] INFO  com.umr - Navigated to Dice login page: https://www.dice.com/dashboard/login
2025-05-09 17:34:14.135 [main] INFO  com.umr - Screenshot saved: ./reports/screenshots\Dice_Login_Page_Initial_20250509_173413.png
2025-05-09 17:34:14.135 [main] INFO  com.umr - Attaching screenshot to report: ./reports/screenshots\Dice_Login_Page_Initial_20250509_173413.png
2025-05-09 17:34:14.135 [main] INFO  com.umr - Screenshot attached to report with path: screenshots/Dice_Login_Page_Initial_20250509_173413.png
2025-05-09 17:34:17.217 [main] INFO  com.umr - Login page detected with at least one matching element
2025-05-09 17:34:17.217 [main] INFO  com.umr - Dice login page loaded successfully
2025-05-09 17:34:17.324 [main] INFO  com.umr - Screenshot saved: ./reports/screenshots\Verified_Dice_Login_Page_20250509_173417.png
2025-05-09 17:34:17.324 [main] INFO  com.umr - Attaching screenshot to report: ./reports/screenshots\Verified_Dice_Login_Page_20250509_173417.png
2025-05-09 17:34:17.324 [main] INFO  com.umr - Screenshot attached to report with path: screenshots/Verified_Dice_Login_Page_20250509_173417.png
2025-05-09 17:34:17.325 [main] INFO  com.umr - Executing keyword: LOGIN_TO_DICE
2025-05-09 17:34:17.325 [main] INFO  com.umr - Executing keyword: LOGIN_TO_DICE
2025-05-09 17:34:17.325 [main] INFO  com.umr - Executing LOGIN_TO_DICE keyword
2025-05-09 17:34:17.325 [main] INFO  com.umr - Performing login to Dice with email: zahidsdet@gmail.com
2025-05-09 17:34:17.436 [main] INFO  com.umr - Screenshot saved: ./reports/screenshots\Before_Login_Attempt_20250509_173417.png
2025-05-09 17:34:17.437 [main] INFO  com.umr - Entering email: zahidsdet@gmail.com
2025-05-09 17:34:17.784 [main] INFO  com.umr - Screenshot saved: ./reports/screenshots\After_Email_Entry_20250509_173417.png
2025-05-09 17:34:17.784 [main] INFO  com.umr - Clicking Continue button
2025-05-09 17:34:18.284 [main] INFO  com.umr - Password field is now visible
2025-05-09 17:34:18.397 [main] INFO  com.umr - Screenshot saved: ./reports/screenshots\After_Continue_To_Password_20250509_173418.png
2025-05-09 17:34:18.397 [main] INFO  com.umr - Entering password
2025-05-09 17:34:18.713 [main] INFO  com.umr - Screenshot saved: ./reports/screenshots\After_Password_Entry_20250509_173418.png
2025-05-09 17:34:18.714 [main] INFO  com.umr - Clicking Sign In button
2025-05-09 17:34:18.990 [main] INFO  com.umr - Screenshot saved: ./reports/screenshots\After_Sign_In_Click_20250509_173418.png
2025-05-09 17:34:18.990 [main] INFO  com.umr - Successfully logged in to Dice
2025-05-09 17:34:19.107 [main] INFO  com.umr - Screenshot saved: ./reports/screenshots\Login_Successful_20250509_173418.png
2025-05-09 17:34:19.107 [main] INFO  com.umr - Attaching screenshot to report: ./reports/screenshots\Login_Successful_20250509_173418.png
2025-05-09 17:34:19.107 [main] INFO  com.umr - Screenshot attached to report with path: screenshots/Login_Successful_20250509_173418.png
2025-05-09 17:34:31.042 [main] INFO  com.umr - Home page loaded successfully after login
2025-05-09 17:34:31.042 [main] INFO  com.umr - Executing keyword: VERIFY_USER_PROFILE
2025-05-09 17:34:31.042 [main] INFO  com.umr - Executing keyword: VERIFY_USER_PROFILE
2025-05-09 17:34:31.042 [main] INFO  com.umr - Executing VERIFY_USER_PROFILE keyword
2025-05-09 17:34:31.169 [main] INFO  com.umr - Profile visibility displayed: true
2025-05-09 17:34:31.169 [main] INFO  com.umr - Profile completeness displayed: true
2025-05-09 17:34:31.169 [main] INFO  com.umr - User profile verification successful
2025-05-09 17:34:31.311 [main] INFO  com.umr - Screenshot saved: ./reports/screenshots\Profile_Verification_Successful_20250509_173431.png
2025-05-09 17:34:31.312 [main] INFO  com.umr - Attaching screenshot to report: ./reports/screenshots\Profile_Verification_Successful_20250509_173431.png
2025-05-09 17:34:31.312 [main] INFO  com.umr - Screenshot attached to report with path: screenshots/Profile_Verification_Successful_20250509_173431.png
2025-05-09 17:34:31.312 [main] INFO  com.umr - Executing keyword: CLOSE_BROWSER
2025-05-09 17:34:31.312 [main] INFO  com.umr - Executing keyword: CLOSE_BROWSER
2025-05-09 17:34:31.312 [main] INFO  com.umr - Executing CLOSE_BROWSER keyword
2025-05-09 17:34:31.312 [main] INFO  com.umr - Quitting WebDriver instance
2025-05-09 17:34:31.582 [main] INFO  com.umr - WebDriver instance has been quit
2025-05-09 17:34:31.582 [main] INFO  com.umr - Browser closed successfully
2025-05-09 17:34:31.582 [main] INFO  com.umr - ======================================================
2025-05-09 17:34:31.582 [main] INFO  com.umr - TEST COMPLETED: TC002 - Dice Profile Verification with result: PASS
2025-05-09 17:34:31.582 [main] INFO  com.umr - ======================================================
2025-05-09 17:34:31.583 [main] INFO  com.umr - WebDriver instance closed successfully
2025-05-09 17:34:31.583 [main] INFO  com.umr - Quitting WebDriver instance
2025-05-09 17:34:31.583 [main] INFO  com.umr - WebDriver instance has been quit
2025-05-09 17:34:31.583 [main] INFO  com.umr - WebDriver ThreadLocal storage has been reset
2025-05-09 17:34:31.583 [main] INFO  com.umr - ======================================================
2025-05-09 17:34:31.583 [main] INFO  com.umr - STARTING TEST: TC003 - Dice Search Functionality
2025-05-09 17:34:31.583 [main] INFO  com.umr - ======================================================
2025-05-09 17:34:31.583 [main] INFO  com.umr - Created TestContext for test: TC003 - Dice Search Functionality
2025-05-09 17:34:31.583 [main] INFO  com.umr - Created test in report: Dice Search Functionality
2025-05-09 17:34:31.584 [main] INFO  com.umr - Getting test data for test: TC003
2025-05-09 17:34:31.603 [main] INFO  com.umr - Found test data for test ID: TC003
2025-05-09 17:34:31.603 [main] INFO  com.umr - Getting keywords for test: TC003
2025-05-09 17:34:31.623 [main] INFO  com.umr - Found 6 keywords for test ID: TC003
2025-05-09 17:34:31.623 [main] INFO  com.umr - Executing test with 6 keywords
2025-05-09 17:34:31.623 [main] INFO  com.umr - Executing keyword: OPEN_BROWSER
2025-05-09 17:34:31.623 [main] INFO  com.umr - Executing keyword: OPEN_BROWSER
2025-05-09 17:34:31.623 [main] INFO  com.umr - Executing OPEN_BROWSER keyword
2025-05-09 17:34:31.623 [main] INFO  com.umr - Initializing WebDriver for browser: chrome (headless: false)
2025-05-09 17:34:32.723 [main] INFO  com.umr - WebDriver initialized successfully
2025-05-09 17:34:32.724 [main] INFO  com.umr - Browser opened successfully
2025-05-09 17:34:32.724 [main] INFO  com.umr - Executing keyword: NAVIGATE_TO_DICE_LOGIN
2025-05-09 17:34:32.724 [main] INFO  com.umr - Executing keyword: NAVIGATE_TO_DICE_LOGIN
2025-05-09 17:34:32.724 [main] INFO  com.umr - Executing NAVIGATE_TO_DICE_LOGIN keyword
2025-05-09 17:34:33.157 [main] INFO  com.umr - Navigated to Dice login page: https://www.dice.com/dashboard/login
2025-05-09 17:34:33.746 [main] INFO  com.umr - Screenshot saved: ./reports/screenshots\Dice_Login_Page_Initial_20250509_173433.png
2025-05-09 17:34:33.747 [main] INFO  com.umr - Attaching screenshot to report: ./reports/screenshots\Dice_Login_Page_Initial_20250509_173433.png
2025-05-09 17:34:33.747 [main] INFO  com.umr - Screenshot attached to report with path: screenshots/Dice_Login_Page_Initial_20250509_173433.png
2025-05-09 17:34:36.797 [main] INFO  com.umr - Login page detected with at least one matching element
2025-05-09 17:34:36.797 [main] INFO  com.umr - Dice login page loaded successfully
2025-05-09 17:34:36.901 [main] INFO  com.umr - Screenshot saved: ./reports/screenshots\Verified_Dice_Login_Page_20250509_173436.png
2025-05-09 17:34:36.901 [main] INFO  com.umr - Attaching screenshot to report: ./reports/screenshots\Verified_Dice_Login_Page_20250509_173436.png
2025-05-09 17:34:36.901 [main] INFO  com.umr - Screenshot attached to report with path: screenshots/Verified_Dice_Login_Page_20250509_173436.png
2025-05-09 17:34:36.901 [main] INFO  com.umr - Executing keyword: LOGIN_TO_DICE
2025-05-09 17:34:36.901 [main] INFO  com.umr - Executing keyword: LOGIN_TO_DICE
2025-05-09 17:34:36.901 [main] INFO  com.umr - Executing LOGIN_TO_DICE keyword
2025-05-09 17:34:36.902 [main] INFO  com.umr - Performing login to Dice with email: zahidsdet@gmail.com
2025-05-09 17:34:37.008 [main] INFO  com.umr - Screenshot saved: ./reports/screenshots\Before_Login_Attempt_20250509_173436.png
2025-05-09 17:34:37.009 [main] INFO  com.umr - Entering email: zahidsdet@gmail.com
2025-05-09 17:34:37.400 [main] INFO  com.umr - Screenshot saved: ./reports/screenshots\After_Email_Entry_20250509_173437.png
2025-05-09 17:34:37.400 [main] INFO  com.umr - Clicking Continue button
2025-05-09 17:34:37.933 [main] INFO  com.umr - Password field is now visible
2025-05-09 17:34:38.037 [main] INFO  com.umr - Screenshot saved: ./reports/screenshots\After_Continue_To_Password_20250509_173437.png
2025-05-09 17:34:38.037 [main] INFO  com.umr - Entering password
2025-05-09 17:34:38.364 [main] INFO  com.umr - Screenshot saved: ./reports/screenshots\After_Password_Entry_20250509_173438.png
2025-05-09 17:34:38.364 [main] INFO  com.umr - Clicking Sign In button
2025-05-09 17:34:38.625 [main] INFO  com.umr - Screenshot saved: ./reports/screenshots\After_Sign_In_Click_20250509_173438.png
2025-05-09 17:34:38.625 [main] INFO  com.umr - Successfully logged in to Dice
2025-05-09 17:34:38.743 [main] INFO  com.umr - Screenshot saved: ./reports/screenshots\Login_Successful_20250509_173438.png
2025-05-09 17:34:38.744 [main] INFO  com.umr - Attaching screenshot to report: ./reports/screenshots\Login_Successful_20250509_173438.png
2025-05-09 17:34:38.744 [main] INFO  com.umr - Screenshot attached to report with path: screenshots/Login_Successful_20250509_173438.png
2025-05-09 17:34:50.632 [main] INFO  com.umr - Home page loaded successfully after login
2025-05-09 17:34:50.633 [main] INFO  com.umr - Executing keyword: SEARCH_JOBS
2025-05-09 17:34:50.633 [main] INFO  com.umr - Executing keyword: SEARCH_JOBS
2025-05-09 17:34:50.634 [main] INFO  com.umr - Executing SEARCH_JOBS keyword
2025-05-09 17:34:50.634 [main] INFO  com.umr - Searching for jobs with keyword: SDET
2025-05-09 17:34:53.764 [main] INFO  com.umr - Job search performed successfully for term: SDET
2025-05-09 17:34:53.877 [main] INFO  com.umr - Screenshot saved: ./reports/screenshots\Search_Performed_20250509_173453.png
2025-05-09 17:34:53.877 [main] INFO  com.umr - Attaching screenshot to report: ./reports/screenshots\Search_Performed_20250509_173453.png
2025-05-09 17:34:53.878 [main] INFO  com.umr - Screenshot attached to report with path: screenshots/Search_Performed_20250509_173453.png
2025-05-09 17:34:53.930 [main] INFO  com.umr - Search results page loaded successfully
2025-05-09 17:34:53.930 [main] INFO  com.umr - Executing keyword: VERIFY_SEARCH_RESULTS
2025-05-09 17:34:53.930 [main] INFO  com.umr - Executing keyword: VERIFY_SEARCH_RESULTS
2025-05-09 17:34:53.930 [main] INFO  com.umr - Executing VERIFY_SEARCH_RESULTS keyword
2025-05-09 17:34:53.961 [main] INFO  com.umr - Results text: 172 results (19 new)
2025-05-09 17:34:53.961 [main] INFO  com.umr - Job search returned 172 results
2025-05-09 17:34:53.991 [main] INFO  com.umr - Results text: 172 results (19 new)
2025-05-09 17:34:53.991 [main] INFO  com.umr - Search results verification successful. Found 172 results.
2025-05-09 17:34:54.088 [main] INFO  com.umr - Screenshot saved: ./reports/screenshots\Search_Results_Verified_20250509_173453.png
2025-05-09 17:34:54.088 [main] INFO  com.umr - Attaching screenshot to report: ./reports/screenshots\Search_Results_Verified_20250509_173453.png
2025-05-09 17:34:54.088 [main] INFO  com.umr - Screenshot attached to report with path: screenshots/Search_Results_Verified_20250509_173453.png
2025-05-09 17:34:54.088 [main] INFO  com.umr - Executing keyword: CLOSE_BROWSER
2025-05-09 17:34:54.088 [main] INFO  com.umr - Executing keyword: CLOSE_BROWSER
2025-05-09 17:34:54.088 [main] INFO  com.umr - Executing CLOSE_BROWSER keyword
2025-05-09 17:34:54.088 [main] INFO  com.umr - Quitting WebDriver instance
2025-05-09 17:34:54.362 [main] INFO  com.umr - WebDriver instance has been quit
2025-05-09 17:34:54.362 [main] INFO  com.umr - Browser closed successfully
2025-05-09 17:34:54.362 [main] INFO  com.umr - ======================================================
2025-05-09 17:34:54.362 [main] INFO  com.umr - TEST COMPLETED: TC003 - Dice Search Functionality with result: PASS
2025-05-09 17:34:54.363 [main] INFO  com.umr - ======================================================
2025-05-09 17:34:54.363 [main] INFO  com.umr - WebDriver instance closed successfully
2025-05-09 17:34:54.363 [main] INFO  com.umr - Quitting WebDriver instance
2025-05-09 17:34:54.363 [main] INFO  com.umr - WebDriver instance has been quit
2025-05-09 17:34:54.363 [main] INFO  com.umr - WebDriver ThreadLocal storage has been reset
2025-05-09 17:34:54.363 [main] INFO  com.umr - Test Execution Completed
2025-05-09 17:34:54.730 [main] INFO  com.umr - ExtentReports finalized and written to disk
